TN:
SF:src\assets\xml\svg.ts
FNF:0
FNH:0
DA:1,0
DA:7,0
DA:13,0
DA:21,0
DA:27,0
DA:32,0
DA:36,0
DA:39,0
DA:43,0
DA:49,0
LF:10
LH:0
BRF:0
BRH:0
end_of_record
TN:
SF:src\components\LoadingIndicator.js
FN:5,(anonymous_0)
FNF:1
FNH:0
FNDA:0,(anonymous_0)
DA:5,0
DA:6,0
LF:2
LH:0
BRF:0
BRH:0
end_of_record
TN:
SF:src\components\bottomTabBarScreen.js
FN:14,(anonymous_0)
FN:15,(anonymous_1)
FN:17,(anonymous_2)
FN:27,(anonymous_3)
FN:30,(anonymous_4)
FN:37,_spring
FN:39,(anonymous_6)
FN:62,(anonymous_7)
FN:76,(anonymous_8)
FN:90,(anonymous_9)
FN:104,(anonymous_10)
FN:119,tabSort
FN:147,exitInfo
FNF:13
FNH:0
FNDA:0,(anonymous_0)
FNDA:0,(anonymous_1)
FNDA:0,(anonymous_2)
FNDA:0,(anonymous_3)
FNDA:0,(anonymous_4)
FNDA:0,_spring
FNDA:0,(anonymous_6)
FNDA:0,(anonymous_7)
FNDA:0,(anonymous_8)
FNDA:0,(anonymous_9)
FNDA:0,(anonymous_10)
FNDA:0,tabSort
FNDA:0,exitInfo
DA:12,0
DA:14,0
DA:15,0
DA:16,0
DA:17,0
DA:18,0
DA:21,0
DA:22,0
DA:26,0
DA:28,0
DA:29,0
DA:30,0
DA:31,0
DA:32,0
DA:38,0
DA:39,0
DA:40,0
DA:44,0
DA:46,0
DA:63,0
DA:77,0
DA:91,0
DA:105,0
DA:120,0
DA:148,0
DA:160,0
LF:26
LH:0
BRDA:16,0,0,0
BRDA:16,0,1,0
BRDA:21,1,0,0
BRDA:21,1,1,0
BRDA:129,2,0,0
BRDA:129,2,1,0
BRDA:135,3,0,0
BRDA:135,3,1,0
BRDA:142,4,0,0
BRDA:142,4,1,0
BRDA:148,5,0,0
BRDA:148,5,1,0
BRDA:176,6,0,0
BRDA:176,6,1,0
BRF:14
BRH:0
end_of_record
TN:
SF:src\components\header.js
FN:6,(anonymous_0)
FN:19,(anonymous_1)
FNF:2
FNH:1
FNDA:1,(anonymous_0)
FNDA:0,(anonymous_1)
DA:6,1
DA:7,1
DA:20,0
LF:3
LH:2
BRF:0
BRH:0
end_of_record
TN:
SF:src\components\myStatusBar.js
FN:5,(anonymous_0)
FNF:1
FNH:0
FNDA:0,(anonymous_0)
DA:5,0
DA:6,0
LF:2
LH:0
BRF:0
BRH:0
end_of_record
TN:
SF:src\components\AddAndSendMoney\AmountInfo.js
FN:5,(anonymous_0)
FNF:1
FNH:1
FNDA:2,(anonymous_0)
DA:5,1
DA:6,2
DA:32,1
LF:3
LH:3
BRDA:14,0,0,1
BRDA:14,0,1,1
BRF:2
BRH:2
end_of_record
TN:
SF:src\components\AddAndSendMoney\ContinueButton.js
FN:5,(anonymous_0)
FNF:1
FNH:0
FNDA:0,(anonymous_0)
DA:5,0
DA:6,0
LF:2
LH:0
BRF:0
BRH:0
end_of_record
TN:
SF:src\components\AddAndSendMoney\WalletImage.js
FN:5,(anonymous_0)
FNF:1
FNH:1
FNDA:1,(anonymous_0)
DA:5,1
DA:6,1
DA:14,1
LF:3
LH:3
BRF:0
BRH:0
end_of_record
TN:
SF:src\components\AddVehicle\ImagePickerBottomSheet.js
FN:8,(anonymous_0)
FN:9,(anonymous_1)
FN:31,(anonymous_2)
FN:80,(anonymous_3)
FNF:4
FNH:4
FNDA:3,(anonymous_0)
FNDA:1,(anonymous_1)
FNDA:1,(anonymous_2)
FNDA:6,(anonymous_3)
DA:8,1
DA:9,3
DA:10,1
DA:12,1
DA:13,1
DA:14,0
DA:15,0
DA:17,1
DA:21,1
DA:22,1
DA:25,0
DA:27,1
DA:31,3
DA:32,1
DA:34,1
DA:35,1
DA:36,0
DA:37,0
DA:39,1
DA:42,1
DA:43,1
DA:46,0
DA:48,1
DA:52,3
DA:80,1
DA:81,6
DA:102,1
LF:27
LH:21
BRDA:13,0,0,0
BRDA:13,0,1,1
BRDA:21,1,0,1
BRDA:21,1,1,0
BRDA:21,2,0,1
BRDA:21,2,1,1
BRDA:21,2,2,1
BRDA:35,3,0,0
BRDA:35,3,1,1
BRDA:42,4,0,1
BRDA:42,4,1,0
BRDA:42,5,0,1
BRDA:42,5,1,1
BRDA:42,5,2,1
BRF:14
BRH:10
end_of_record
TN:
SF:src\components\AddVehicle\VehicleForm.js
FN:13,(anonymous_0)
FN:84,(anonymous_1)
FN:106,(anonymous_2)
FN:112,(anonymous_3)
FNF:4
FNH:3
FNDA:3,(anonymous_0)
FNDA:12,(anonymous_1)
FNDA:0,(anonymous_2)
FNDA:6,(anonymous_3)
DA:13,1
DA:20,3
DA:84,1
DA:91,12
DA:106,0
DA:112,1
DA:113,6
DA:129,1
LF:8
LH:7
BRDA:26,0,0,0
BRDA:26,0,1,3
BRDA:69,1,0,0
BRDA:69,1,1,3
BRDA:89,2,0,12
BRDA:121,3,0,0
BRDA:121,3,1,6
BRDA:123,4,0,0
BRDA:123,4,1,6
BRF:9
BRH:5
end_of_record
TN:
SF:src\components\AddVehicle\VehicleTypeSheet.js
FN:26,(anonymous_0)
FN:45,(anonymous_1)
FN:49,(anonymous_2)
FNF:3
FNH:3
FNDA:2,(anonymous_0)
FNDA:22,(anonymous_1)
FNDA:1,(anonymous_2)
DA:12,1
DA:26,1
DA:32,2
DA:46,22
DA:50,1
DA:51,1
DA:83,1
LF:7
LH:7
BRDA:56,0,0,1
BRDA:56,0,1,21
BRDA:65,1,0,2
BRDA:65,1,1,20
BRF:4
BRH:4
end_of_record
TN:
SF:src\components\BankInfo\AccountHolderInput.js
FN:6,(anonymous_0)
FNF:1
FNH:1
FNDA:1,(anonymous_0)
DA:6,1
DA:7,1
DA:23,1
LF:3
LH:3
BRF:0
BRH:0
end_of_record
TN:
SF:src\components\BankInfo\AccountNumberInput.js
FN:6,(anonymous_0)
FNF:1
FNH:0
FNDA:0,(anonymous_0)
DA:6,0
DA:7,0
DA:26,0
LF:3
LH:0
BRF:0
BRH:0
end_of_record
TN:
SF:src\components\BankInfo\BankNameInput.js
FN:6,(anonymous_0)
FNF:1
FNH:1
FNDA:1,(anonymous_0)
DA:6,1
DA:7,1
DA:25,1
LF:3
LH:3
BRF:0
BRH:0
end_of_record
TN:
SF:src\components\BankInfo\BranchCodeInput.js
FN:6,(anonymous_0)
FNF:1
FNH:1
FNDA:1,(anonymous_0)
DA:6,1
DA:7,1
DA:25,1
LF:3
LH:3
BRF:0
BRH:0
end_of_record
TN:
SF:src\components\BankInfo\SubmitButton.js
FN:6,(anonymous_0)
FNF:1
FNH:0
FNDA:0,(anonymous_0)
DA:6,0
DA:7,0
LF:2
LH:0
BRF:0
BRH:0
end_of_record
TN:
SF:src\components\CreditCard\ContinueButton.js
FN:6,(anonymous_0)
FNF:1
FNH:1
FNDA:1,(anonymous_0)
DA:6,1
DA:7,1
DA:20,1
LF:3
LH:3
BRF:0
BRH:0
end_of_record
TN:
SF:src\components\CreditCard\CreditCardForm.js
FN:7,(anonymous_0)
FNF:1
FNH:0
FNDA:0,(anonymous_0)
DA:7,0
DA:8,0
DA:26,0
LF:3
LH:0
BRF:0
BRH:0
end_of_record
TN:
SF:src\components\CreditCard\PaypalForm.js
FN:6,(anonymous_0)
FN:10,(anonymous_1)
FNF:2
FNH:2
FNDA:2,(anonymous_0)
FNDA:1,(anonymous_1)
DA:6,1
DA:7,2
DA:8,2
DA:10,2
DA:11,1
DA:12,1
DA:15,2
DA:30,1
LF:8
LH:8
BRF:0
BRH:0
end_of_record
TN:
SF:src\components\CustomerSupport\CallAndMailButtons.js
FN:7,(anonymous_0)
FNF:1
FNH:1
FNDA:1,(anonymous_0)
DA:7,1
DA:8,1
DA:26,1
LF:3
LH:3
BRF:0
BRH:0
end_of_record
TN:
SF:src\components\CustomerSupport\ContactInfo.js
FN:6,(anonymous_0)
FNF:1
FNH:1
FNDA:1,(anonymous_0)
DA:6,1
DA:7,1
DA:24,1
LF:3
LH:3
BRF:0
BRH:0
end_of_record
TN:
SF:src\components\CustomerSupport\SubmitButton.js
FN:6,(anonymous_0)
FNF:1
FNH:1
FNDA:1,(anonymous_0)
DA:6,1
DA:7,1
LF:2
LH:2
BRF:0
BRH:0
end_of_record
TN:
SF:src\components\CustomerSupport\SupportForm.js
FN:6,(anonymous_0)
FNF:1
FNH:1
FNDA:1,(anonymous_0)
DA:6,1
DA:7,1
DA:78,1
LF:3
LH:3
BRDA:63,0,0,1
BRDA:63,0,1,0
BRF:2
BRH:1
end_of_record
TN:
SF:src\components\EndRide\EndRideButton.js
FN:7,(anonymous_0)
FN:8,(anonymous_1)
FNF:2
FNH:0
FNDA:0,(anonymous_0)
FNDA:0,(anonymous_1)
DA:7,0
DA:8,0
DA:9,0
DA:10,0
DA:11,0
DA:12,0
DA:13,0
DA:15,0
DA:16,0
DA:20,0
LF:10
LH:0
BRF:0
BRH:0
end_of_record
TN:
SF:src\components\EndRide\MapDirection.js
FN:7,(anonymous_0)
FN:14,(anonymous_1)
FNF:2
FNH:0
FNDA:0,(anonymous_0)
FNDA:0,(anonymous_1)
DA:7,0
DA:8,0
DA:9,0
DA:11,0
DA:12,0
DA:14,0
DA:15,0
DA:16,0
DA:22,0
LF:9
LH:0
BRDA:11,0,0,0
BRDA:11,0,1,0
BRDA:37,1,0,0
BRDA:37,1,1,0
BRF:4
BRH:0
end_of_record
TN:
SF:src\components\EndRide\PassengerList.js
FN:5,(anonymous_0)
FN:11,(anonymous_1)
FN:15,(anonymous_2)
FNF:3
FNH:0
FNDA:0,(anonymous_0)
FNDA:0,(anonymous_1)
FNDA:0,(anonymous_2)
DA:5,0
DA:6,0
DA:8,0
DA:11,0
DA:16,0
LF:5
LH:0
BRDA:6,0,0,0
BRDA:6,0,1,0
BRDA:25,1,0,0
BRDA:25,1,1,0
BRF:4
BRH:0
end_of_record
TN:
SF:src\components\EndRide\RideInfoSheet.js
FN:10,(anonymous_0)
FN:22,(anonymous_1)
FNF:2
FNH:0
FNDA:0,(anonymous_0)
FNDA:0,(anonymous_1)
DA:10,0
DA:11,0
DA:13,0
DA:23,0
LF:4
LH:0
BRDA:10,0,0,0
BRDA:11,1,0,0
BRDA:11,1,1,0
BRF:3
BRH:0
end_of_record
TN:
SF:src\components\EndRide\RouteList.js
FN:7,(anonymous_0)
FN:28,(anonymous_1)
FNF:2
FNH:0
FNDA:0,(anonymous_0)
FNDA:0,(anonymous_1)
DA:7,0
DA:8,0
DA:10,0
DA:11,0
DA:26,0
DA:29,0
DA:30,0
LF:7
LH:0
BRDA:8,0,0,0
BRDA:8,0,1,0
BRDA:29,1,0,0
BRDA:29,1,1,0
BRDA:52,2,0,0
BRDA:52,2,1,0
BRF:6
BRH:0
end_of_record
TN:
SF:src\components\Entry\EntryButton.tsx
FN:20,EntryButton
FNF:1
FNH:0
FNDA:0,EntryButton
DA:28,0
DA:56,0
LF:2
LH:0
BRDA:24,0,0,0
BRF:1
BRH:0
end_of_record
TN:
SF:src\components\Entry\EntryInputField.tsx
FN:28,EntryInputField
FN:67,(anonymous_1)
FN:67,(anonymous_2)
FNF:3
FNH:0
FNDA:0,EntryInputField
FNDA:0,(anonymous_1)
FNDA:0,(anonymous_2)
DA:39,0
DA:41,0
DA:67,0
DA:86,0
LF:4
LH:0
BRDA:32,0,0,0
BRDA:36,1,0,0
BRDA:65,2,0,0
BRDA:65,2,1,0
BRDA:71,3,0,0
BRDA:71,3,1,0
BRDA:77,4,0,0
BRDA:77,4,1,0
BRF:8
BRH:0
end_of_record
TN:
SF:src\components\HistoryRideDetail\RateRideButton.js
FN:5,(anonymous_0)
FNF:1
FNH:1
FNDA:1,(anonymous_0)
DA:5,1
DA:6,1
LF:2
LH:2
BRF:0
BRH:0
end_of_record
TN:
SF:src\components\HistoryRideDetail\RateRideDialog.js
FN:20,(anonymous_0)
FN:29,(anonymous_1)
FN:101,(anonymous_2)
FN:109,(anonymous_3)
FNF:4
FNH:3
FNDA:3,(anonymous_0)
FNDA:2,(anonymous_1)
FNDA:15,(anonymous_2)
FNDA:0,(anonymous_3)
DA:18,1
DA:20,1
DA:29,3
DA:30,2
DA:31,2
DA:32,0
DA:33,0
DA:35,2
DA:36,2
DA:38,2
DA:39,1
DA:40,1
DA:43,1
DA:44,1
DA:52,1
DA:53,1
DA:55,0
DA:56,0
DA:60,3
DA:102,15
DA:109,0
LF:21
LH:16
BRDA:31,0,0,0
BRDA:31,0,1,2
BRDA:36,1,0,2
BRDA:36,1,1,1
BRDA:38,2,0,1
BRDA:38,2,1,1
BRDA:49,3,0,1
BRDA:49,3,1,0
BRDA:107,4,0,6
BRDA:107,4,1,9
BRDA:129,5,0,3
BRDA:129,5,1,0
BRF:12
BRH:9
end_of_record
TN:
SF:src\components\HistoryRideDetail\RiderDetail.js
FN:7,(anonymous_0)
FNF:1
FNH:0
FNDA:0,(anonymous_0)
DA:7,0
DA:8,0
LF:2
LH:0
BRF:0
BRH:0
end_of_record
TN:
SF:src\components\HistoryRideDetail\RiderInfo.js
FN:6,(anonymous_0)
FNF:1
FNH:1
FNDA:2,(anonymous_0)
DA:6,1
DA:7,2
LF:2
LH:2
BRDA:17,0,0,2
BRDA:17,0,1,1
BRF:2
BRH:2
end_of_record
TN:
SF:src\components\HistoryRideDetail\VehicleInfo.js
FN:5,(anonymous_0)
FNF:1
FNH:1
FNDA:1,(anonymous_0)
DA:5,1
DA:6,1
LF:2
LH:2
BRF:0
BRH:0
end_of_record
TN:
SF:src\components\Home\DateTimePickerSheet.js
FN:16,(anonymous_0)
FN:47,(anonymous_1)
FN:65,(anonymous_2)
FN:66,(anonymous_3)
FN:68,(anonymous_4)
FN:71,(anonymous_5)
FN:114,(anonymous_6)
FN:125,(anonymous_7)
FN:143,(anonymous_8)
FN:154,(anonymous_9)
FN:164,(anonymous_10)
FNF:11
FNH:0
FNDA:0,(anonymous_0)
FNDA:0,(anonymous_1)
FNDA:0,(anonymous_2)
FNDA:0,(anonymous_3)
FNDA:0,(anonymous_4)
FNDA:0,(anonymous_5)
FNDA:0,(anonymous_6)
FNDA:0,(anonymous_7)
FNDA:0,(anonymous_8)
FNDA:0,(anonymous_9)
FNDA:0,(anonymous_10)
DA:16,0
DA:30,0
DA:31,0
DA:33,0
DA:48,0
DA:65,0
DA:66,0
DA:69,0
DA:72,0
DA:73,0
DA:115,0
DA:125,0
DA:144,0
DA:154,0
DA:166,0
DA:170,0
DA:173,0
DA:174,0
DA:177,0
DA:193,0
LF:20
LH:0
BRDA:48,0,0,0
BRDA:48,0,1,0
BRDA:78,1,0,0
BRDA:78,1,1,0
BRDA:85,2,0,0
BRDA:85,2,1,0
BRDA:117,3,0,0
BRDA:117,3,1,0
BRDA:122,4,0,0
BRDA:122,4,1,0
BRDA:146,5,0,0
BRDA:146,5,1,0
BRDA:151,6,0,0
BRDA:151,6,1,0
BRDA:166,7,0,0
BRDA:166,7,1,0
BRDA:170,8,0,0
BRDA:170,8,1,0
BRDA:175,9,0,0
BRDA:175,9,1,0
BRF:20
BRH:0
end_of_record
TN:
SF:src\components\Home\Header.js
FN:9,(anonymous_0)
FN:16,(anonymous_1)
FN:20,(anonymous_2)
FN:56,(anonymous_3)
FNF:4
FNH:0
FNDA:0,(anonymous_0)
FNDA:0,(anonymous_1)
FNDA:0,(anonymous_2)
FNDA:0,(anonymous_3)
DA:9,0
DA:10,0
DA:11,0
DA:12,0
DA:13,0
DA:15,0
DA:17,0
DA:20,0
DA:21,0
DA:22,0
DA:26,0
DA:63,0
LF:12
LH:0
BRDA:9,0,0,0
BRDA:21,1,0,0
BRDA:21,1,1,0
BRDA:21,2,0,0
BRDA:21,2,1,0
BRDA:31,3,0,0
BRDA:31,3,1,0
BRF:7
BRH:0
end_of_record
TN:
SF:src\components\Home\MapComponent.js
FN:4,(anonymous_0)
FNF:1
FNH:1
FNDA:1,(anonymous_0)
DA:4,1
DA:5,1
LF:2
LH:2
BRF:0
BRH:0
end_of_record
TN:
SF:src\components\Home\NoOfSeatSheet.js
FN:6,(anonymous_0)
FN:8,(anonymous_1)
FN:22,(anonymous_2)
FN:25,(anonymous_3)
FNF:4
FNH:4
FNDA:7,(anonymous_0)
FNDA:1,(anonymous_1)
FNDA:7,(anonymous_2)
FNDA:1,(anonymous_3)
DA:6,7
DA:8,1
DA:9,1
DA:23,7
DA:26,1
DA:27,1
DA:56,1
LF:7
LH:7
BRDA:30,0,0,1
BRDA:30,0,1,6
BRDA:38,1,0,1
BRDA:38,1,1,6
BRF:4
BRH:4
end_of_record
TN:
SF:src\components\Home\RideInfoCard.js
FN:7,(anonymous_0)
FN:31,(anonymous_1)
FN:55,(anonymous_2)
FN:81,(anonymous_3)
FN:118,(anonymous_4)
FNF:5
FNH:4
FNDA:2,(anonymous_0)
FNDA:0,(anonymous_1)
FNDA:1,(anonymous_2)
FNDA:1,(anonymous_3)
FNDA:1,(anonymous_4)
DA:7,1
DA:20,2
DA:31,0
DA:55,1
DA:82,1
DA:119,1
DA:229,1
LF:7
LH:6
BRDA:37,0,0,2
BRDA:37,0,1,0
BRDA:45,1,0,2
BRDA:45,1,1,0
BRDA:61,2,0,0
BRDA:61,2,1,2
BRDA:69,3,0,0
BRDA:69,3,1,2
BRDA:102,4,0,2
BRDA:102,4,1,0
BRDA:141,5,0,2
BRDA:141,5,1,0
BRDA:167,6,0,2
BRDA:167,6,1,0
BRDA:179,7,0,2
BRDA:179,7,1,0
BRDA:184,8,0,2
BRDA:184,8,1,0
BRDA:187,9,0,2
BRDA:187,9,1,2
BRDA:202,10,0,2
BRDA:202,10,1,0
BRDA:207,11,0,2
BRDA:207,11,1,0
BRDA:219,12,0,2
BRDA:219,12,1,0
BRDA:222,13,0,2
BRDA:222,13,1,2
BRF:28
BRH:16
end_of_record
TN:
SF:src\components\Message\MessageHeader.js
FN:7,(anonymous_0)
FN:19,(anonymous_1)
FNF:2
FNH:0
FNDA:0,(anonymous_0)
FNDA:0,(anonymous_1)
DA:7,0
DA:8,0
DA:9,0
DA:13,0
DA:19,0
DA:51,0
LF:6
LH:0
BRDA:8,0,0,0
BRDA:8,0,1,0
BRDA:8,0,2,0
BRDA:9,1,0,0
BRDA:9,1,1,0
BRDA:30,2,0,0
BRDA:30,2,1,0
BRDA:38,3,0,0
BRDA:38,3,1,0
BRDA:40,4,0,0
BRDA:40,4,1,0
BRF:11
BRH:0
end_of_record
TN:
SF:src\components\Message\MessageInput.js
FN:7,(anonymous_0)
FN:10,(anonymous_1)
FNF:2
FNH:0
FNDA:0,(anonymous_0)
FNDA:0,(anonymous_1)
DA:7,0
DA:8,0
DA:10,0
DA:11,0
DA:12,0
DA:13,0
DA:17,0
DA:39,0
LF:8
LH:0
BRDA:11,0,0,0
BRDA:11,0,1,0
BRF:2
BRH:0
end_of_record
TN:
SF:src\components\Message\MessageItem.js
FN:9,(anonymous_0)
FN:20,(anonymous_1)
FN:24,(anonymous_2)
FN:27,(anonymous_3)
FN:30,(anonymous_4)
FNF:5
FNH:0
FNDA:0,(anonymous_0)
FNDA:0,(anonymous_1)
FNDA:0,(anonymous_2)
FNDA:0,(anonymous_3)
FNDA:0,(anonymous_4)
DA:7,0
DA:9,0
DA:10,0
DA:11,0
DA:12,0
DA:13,0
DA:14,0
DA:15,0
DA:16,0
DA:17,0
DA:20,0
DA:21,0
DA:22,0
DA:24,0
DA:25,0
DA:26,0
DA:28,0
DA:30,0
DA:33,0
DA:34,0
DA:35,0
DA:39,0
DA:43,0
DA:92,0
LF:24
LH:0
BRDA:11,0,0,0
BRDA:11,0,1,0
BRDA:15,1,0,0
BRDA:15,1,1,0
BRDA:15,2,0,0
BRDA:15,2,1,0
BRDA:16,3,0,0
BRDA:16,3,1,0
BRDA:16,4,0,0
BRDA:16,4,1,0
BRDA:25,5,0,0
BRDA:25,5,1,0
BRDA:28,6,0,0
BRDA:28,6,1,0
BRDA:34,7,0,0
BRDA:34,7,1,0
BRDA:35,8,0,0
BRDA:35,8,1,0
BRDA:39,9,0,0
BRDA:39,9,1,0
BRDA:39,9,2,0
BRDA:40,10,0,0
BRDA:40,10,1,0
BRDA:40,11,0,0
BRDA:40,11,1,0
BRDA:47,12,0,0
BRDA:47,12,1,0
BRDA:58,13,0,0
BRDA:58,13,1,0
BRDA:67,14,0,0
BRDA:67,14,1,0
BRDA:68,15,0,0
BRDA:68,15,1,0
BRDA:69,16,0,0
BRDA:69,16,1,0
BRDA:72,17,0,0
BRDA:72,17,1,0
BRDA:73,18,0,0
BRDA:73,18,1,0
BRF:39
BRH:0
end_of_record
TN:
SF:src\components\Message\MessageList.js
FN:6,(anonymous_0)
FN:11,(anonymous_1)
FN:12,(anonymous_2)
FNF:3
FNH:0
FNDA:0,(anonymous_0)
FNDA:0,(anonymous_1)
FNDA:0,(anonymous_2)
DA:6,0
DA:7,0
DA:11,0
DA:12,0
LF:4
LH:0
BRF:0
BRH:0
end_of_record
TN:
SF:src\components\OfferRide\CarInfo.js
FN:7,(anonymous_0)
FN:13,(anonymous_1)
FNF:2
FNH:0
FNDA:0,(anonymous_0)
FNDA:0,(anonymous_1)
DA:7,0
DA:8,0
DA:9,0
DA:11,0
DA:13,0
DA:14,0
DA:15,0
DA:17,0
DA:24,0
DA:56,0
LF:10
LH:0
BRDA:9,0,0,0
BRDA:9,0,1,0
BRDA:11,1,0,0
BRDA:11,1,1,0
BRDA:11,2,0,0
BRDA:11,2,1,0
BRDA:14,3,0,0
BRDA:14,3,1,0
BRDA:43,4,0,0
BRDA:43,4,1,0
BRF:10
BRH:0
end_of_record
TN:
SF:src\components\OfferRide\CarSelectionSheet.js
FN:6,(anonymous_0)
FN:20,(anonymous_1)
FN:23,(anonymous_2)
FNF:3
FNH:3
FNDA:1,(anonymous_0)
FNDA:3,(anonymous_1)
FNDA:3,(anonymous_2)
DA:6,1
DA:7,1
DA:21,3
DA:23,3
DA:46,1
LF:5
LH:5
BRDA:28,0,0,1
BRDA:28,0,1,2
BRF:2
BRH:2
end_of_record
TN:
SF:src\components\OfferRide\ContinueButton.js
FN:5,(anonymous_0)
FNF:1
FNH:1
FNDA:2,(anonymous_0)
DA:5,2
DA:6,2
LF:2
LH:2
BRF:0
BRH:0
end_of_record
TN:
SF:src\components\OfferRide\FacilityInfo.js
FN:5,(anonymous_0)
FNF:1
FNH:1
FNDA:1,(anonymous_0)
DA:5,1
DA:6,1
DA:43,1
LF:3
LH:3
BRDA:28,0,0,1
BRDA:28,0,1,0
BRF:2
BRH:1
end_of_record
TN:
SF:src\components\OfferRide\LocationInfo.js
FN:7,(anonymous_0)
FNF:1
FNH:0
FNDA:0,(anonymous_0)
DA:7,0
DA:8,0
DA:95,0
LF:3
LH:0
BRDA:7,0,0,0
BRDA:7,1,0,0
BRDA:46,2,0,0
BRDA:46,2,1,0
BRDA:87,3,0,0
BRDA:87,3,1,0
BRF:6
BRH:0
end_of_record
TN:
SF:src\components\OfferRide\PriceInfo.js
FN:6,(anonymous_0)
FNF:1
FNH:0
FNDA:0,(anonymous_0)
DA:6,0
DA:7,0
DA:37,0
LF:3
LH:0
BRF:0
BRH:0
end_of_record
TN:
SF:src\components\OfferRide\SeatInfo.js
FN:6,(anonymous_0)
FNF:1
FNH:1
FNDA:2,(anonymous_0)
DA:6,1
DA:7,2
DA:39,1
LF:3
LH:3
BRDA:26,0,0,1
BRDA:26,0,1,1
BRDA:31,1,0,1
BRDA:31,1,1,1
BRF:4
BRH:4
end_of_record
TN:
SF:src\components\OfferRide\SeatSelectionSheet.js
FN:6,(anonymous_0)
FN:26,(anonymous_1)
FN:29,(anonymous_2)
FNF:3
FNH:0
FNDA:0,(anonymous_0)
FNDA:0,(anonymous_1)
FNDA:0,(anonymous_2)
DA:6,0
DA:13,0
DA:27,0
DA:29,0
DA:57,0
LF:5
LH:0
BRDA:31,0,0,0
BRDA:31,0,1,0
BRDA:39,1,0,0
BRDA:39,1,1,0
BRF:4
BRH:0
end_of_record
TN:
SF:src\components\PaymentMethods\PaymentMethodItem.js
FN:5,(anonymous_0)
FNF:1
FNH:1
FNDA:2,(anonymous_0)
DA:5,1
DA:6,2
DA:42,1
LF:3
LH:3
BRDA:31,0,0,1
BRDA:31,0,1,1
BRDA:32,1,0,1
BRDA:32,1,1,1
BRDA:37,2,0,0
BRDA:37,2,1,2
BRF:6
BRH:5
end_of_record
TN:
SF:src\components\PaymentMethods\PaymentMethodList.js
FN:6,(anonymous_0)
FN:12,(anonymous_1)
FN:17,(anonymous_2)
FN:25,(anonymous_3)
FNF:4
FNH:4
FNDA:1,(anonymous_0)
FNDA:2,(anonymous_1)
FNDA:1,(anonymous_2)
FNDA:3,(anonymous_3)
DA:6,1
DA:12,1
DA:13,2
DA:17,1
DA:22,1
DA:25,3
LF:6
LH:6
BRF:0
BRH:0
end_of_record
TN:
SF:src\components\PickLocation\LocationFooter.js
FN:6,(anonymous_0)
FNF:1
FNH:1
FNDA:3,(anonymous_0)
DA:6,1
DA:7,3
DA:44,1
LF:3
LH:3
BRDA:30,0,0,3
BRDA:30,0,1,1
BRF:2
BRH:2
end_of_record
TN:
SF:src\components\PickLocation\LocationSearchHeader.js
FN:10,(anonymous_0)
FN:55,(anonymous_1)
FN:64,(anonymous_2)
FN:71,(anonymous_3)
FN:74,(anonymous_4)
FN:84,(anonymous_5)
FNF:6
FNH:0
FNDA:0,(anonymous_0)
FNDA:0,(anonymous_1)
FNDA:0,(anonymous_2)
FNDA:0,(anonymous_3)
FNDA:0,(anonymous_4)
FNDA:0,(anonymous_5)
DA:10,0
DA:16,0
DA:56,0
DA:57,0
DA:65,0
DA:66,0
DA:67,0
DA:68,0
DA:72,0
DA:75,0
DA:85,0
DA:86,0
DA:96,0
LF:13
LH:0
BRDA:64,0,0,0
BRDA:66,1,0,0
BRDA:66,1,1,0
BRDA:78,2,0,0
BRDA:78,2,1,0
BRDA:78,2,2,0
BRF:6
BRH:0
end_of_record
TN:
SF:src\components\PickLocation\PickLocationMap.js
FN:15,(anonymous_0)
FN:30,(anonymous_1)
FNF:2
FNH:0
FNDA:0,(anonymous_0)
FNDA:0,(anonymous_1)
DA:11,0
DA:12,0
DA:13,0
DA:15,0
DA:16,0
DA:31,0
DA:32,0
LF:7
LH:0
BRF:0
BRH:0
end_of_record
TN:
SF:src\components\Profile\Divider.js
FN:5,(anonymous_0)
FNF:1
FNH:0
FNDA:0,(anonymous_0)
DA:5,0
DA:6,0
LF:2
LH:0
BRF:0
BRH:0
end_of_record
TN:
SF:src\components\Profile\LogoutDialog.js
FN:6,(anonymous_0)
FNF:1
FNH:1
FNDA:3,(anonymous_0)
DA:6,1
DA:7,3
DA:47,1
LF:3
LH:3
BRF:0
BRH:0
end_of_record
TN:
SF:src\components\Profile\ProfileInputField.tsx
FN:24,(anonymous_0)
FN:34,(anonymous_1)
FN:40,(anonymous_2)
FN:47,(anonymous_3)
FN:80,(anonymous_4)
FN:86,(anonymous_5)
FN:97,(anonymous_6)
FNF:7
FNH:3
FNDA:0,(anonymous_0)
FNDA:0,(anonymous_1)
FNDA:0,(anonymous_2)
FNDA:0,(anonymous_3)
FNDA:2,(anonymous_4)
FNDA:1,(anonymous_5)
FNDA:1,(anonymous_6)
DA:24,1
DA:32,0
DA:34,0
DA:35,0
DA:36,0
DA:40,0
DA:41,0
DA:42,0
DA:43,0
DA:47,0
DA:48,0
DA:49,0
DA:53,0
DA:80,1
DA:81,2
DA:82,0
DA:83,0
DA:86,1
DA:87,1
DA:88,0
DA:93,0
DA:94,0
DA:97,1
DA:98,1
DA:99,0
DA:100,0
DA:103,0
DA:104,0
DA:105,0
DA:107,0
DA:108,0
DA:111,0
DA:116,0
DA:119,0
DA:122,1
LF:35
LH:8
BRDA:28,0,0,0
BRDA:35,1,0,0
BRDA:35,1,1,0
BRDA:42,2,0,0
BRDA:42,2,1,0
BRDA:48,3,0,0
BRDA:48,3,1,0
BRDA:55,4,0,0
BRDA:55,4,1,0
BRDA:73,5,0,0
BRDA:73,5,1,0
BRDA:81,6,0,2
BRDA:81,6,1,0
BRDA:82,7,0,0
BRDA:82,7,1,0
BRDA:87,8,0,1
BRDA:87,8,1,0
BRDA:88,9,0,0
BRDA:88,9,1,0
BRDA:98,10,0,1
BRDA:98,10,1,0
BRDA:99,11,0,0
BRDA:99,11,1,0
BRDA:107,12,0,0
BRDA:107,12,1,0
BRDA:107,13,0,0
BRDA:107,13,1,0
BRDA:111,14,0,0
BRDA:111,14,1,0
BRDA:112,15,0,0
BRDA:112,15,1,0
BRDA:112,15,2,0
BRF:32
BRH:3
end_of_record
TN:
SF:src\components\Profile\ProfileOption.js
FN:6,(anonymous_0)
FNF:1
FNH:1
FNDA:1,(anonymous_0)
DA:6,2
DA:7,1
LF:2
LH:2
BRF:0
BRH:0
end_of_record
TN:
SF:src\components\Profile\ProfilePicture.js
FN:17,(anonymous_0)
FN:20,(anonymous_1)
FN:36,(anonymous_2)
FNF:3
FNH:0
FNDA:0,(anonymous_0)
FNDA:0,(anonymous_1)
FNDA:0,(anonymous_2)
DA:17,0
DA:18,0
DA:20,0
DA:22,0
DA:23,0
DA:24,0
DA:25,0
DA:27,0
DA:31,0
DA:32,0
DA:36,0
DA:37,0
DA:38,0
DA:39,0
DA:40,0
DA:41,0
DA:42,0
DA:43,0
DA:44,0
DA:48,0
DA:49,0
DA:50,0
DA:51,0
DA:53,0
DA:54,0
DA:56,0
DA:60,0
DA:90,0
LF:28
LH:0
BRDA:23,0,0,0
BRDA:23,0,1,0
BRDA:31,1,0,0
BRDA:31,1,1,0
BRDA:31,2,0,0
BRDA:31,2,1,0
BRDA:31,2,2,0
BRDA:50,3,0,0
BRDA:50,3,1,0
BRDA:62,4,0,0
BRDA:62,4,1,0
BRDA:68,5,0,0
BRDA:68,5,1,0
BRF:13
BRH:0
end_of_record
TN:
SF:src\components\Profile\UpdateButton.js
FN:5,(anonymous_0)
FNF:1
FNH:1
FNDA:1,(anonymous_0)
DA:5,1
DA:6,1
LF:2
LH:2
BRF:0
BRH:0
end_of_record
TN:
SF:src\components\RideDetail\CancelRideDialog.js
FN:7,(anonymous_0)
FNF:1
FNH:0
FNDA:0,(anonymous_0)
DA:7,0
DA:8,0
DA:40,0
LF:3
LH:0
BRF:0
BRH:0
end_of_record
TN:
SF:src\components\RideDetail\PassengerDetail.js
FN:16,(anonymous_0)
FN:19,(anonymous_1)
FN:24,(anonymous_2)
FN:25,(anonymous_3)
FN:31,(anonymous_4)
FN:32,(anonymous_5)
FN:34,(anonymous_6)
FN:72,(anonymous_7)
FN:73,(anonymous_8)
FN:92,(anonymous_9)
FNF:10
FNH:4
FNDA:3,(anonymous_0)
FNDA:1,(anonymous_1)
FNDA:1,(anonymous_2)
FNDA:0,(anonymous_3)
FNDA:2,(anonymous_4)
FNDA:0,(anonymous_5)
FNDA:0,(anonymous_6)
FNDA:0,(anonymous_7)
FNDA:0,(anonymous_8)
FNDA:0,(anonymous_9)
DA:14,1
DA:16,1
DA:17,3
DA:18,3
DA:19,3
DA:20,1
DA:24,1
DA:25,1
DA:26,1
DA:28,1
DA:31,3
DA:32,2
DA:33,0
DA:35,0
DA:36,0
DA:37,0
DA:38,0
DA:45,0
DA:47,0
DA:57,0
DA:59,2
DA:60,2
DA:63,3
DA:72,0
DA:74,0
DA:92,0
DA:101,1
LF:27
LH:16
BRDA:37,0,0,0
BRDA:37,0,1,0
BRDA:59,1,0,0
BRDA:59,1,1,2
BRDA:76,2,0,0
BRDA:76,2,1,0
BRDA:83,3,0,0
BRDA:83,3,1,0
BRF:8
BRH:1
end_of_record
TN:
SF:src\components\RideDetail\ReviewInfo.js
FN:27,(anonymous_0)
FN:46,(anonymous_1)
FN:54,(anonymous_2)
FNF:3
FNH:3
FNDA:1,(anonymous_0)
FNDA:1,(anonymous_1)
FNDA:2,(anonymous_2)
DA:6,1
DA:27,1
DA:28,1
DA:47,1
DA:55,2
LF:5
LH:5
BRDA:91,0,0,1
BRDA:91,0,1,1
BRF:2
BRH:2
end_of_record
TN:
SF:src\components\RideDetail\RideDetailFooter.js
FN:7,RideDetailFooter
FN:61,(anonymous_1)
FNF:2
FNH:2
FNDA:3,RideDetailFooter
FNDA:1,(anonymous_1)
DA:14,3
DA:15,3
DA:16,3
DA:18,3
DA:62,1
DA:78,1
LF:6
LH:6
BRDA:20,0,0,1
BRDA:20,0,1,2
BRDA:34,1,0,1
BRDA:34,1,1,1
BRF:4
BRH:4
end_of_record
TN:
SF:src\components\RideDetail\RideDetailHeader.js
FN:8,(anonymous_0)
FNF:1
FNH:1
FNDA:1,(anonymous_0)
DA:8,1
DA:9,1
LF:2
LH:2
BRF:0
BRH:0
end_of_record
TN:
SF:src\components\RideDetail\RiderDetail.js
FN:7,(anonymous_0)
FNF:1
FNH:0
FNDA:0,(anonymous_0)
DA:7,0
DA:8,0
LF:2
LH:0
BRDA:57,0,0,0
BRDA:57,0,1,0
BRDA:96,1,0,0
BRDA:96,1,1,0
BRDA:123,2,0,0
BRDA:123,2,1,0
BRF:6
BRH:0
end_of_record
TN:
SF:src\components\RideDetail\RiderInfo.js
FN:8,(anonymous_0)
FN:12,(anonymous_1)
FN:13,(anonymous_2)
FN:24,(anonymous_3)
FN:25,(anonymous_4)
FN:37,(anonymous_5)
FN:70,(anonymous_6)
FNF:7
FNH:0
FNDA:0,(anonymous_0)
FNDA:0,(anonymous_1)
FNDA:0,(anonymous_2)
FNDA:0,(anonymous_3)
FNDA:0,(anonymous_4)
FNDA:0,(anonymous_5)
FNDA:0,(anonymous_6)
DA:8,0
DA:9,0
DA:10,0
DA:12,0
DA:13,0
DA:14,0
DA:15,0
DA:16,0
DA:17,0
DA:19,0
DA:20,0
DA:21,0
DA:22,0
DA:23,0
DA:24,0
DA:25,0
DA:26,0
DA:28,0
DA:30,0
DA:33,0
DA:36,0
DA:37,0
DA:39,0
DA:41,0
DA:43,0
DA:71,0
DA:98,0
LF:27
LH:0
BRDA:14,0,0,0
BRDA:14,0,1,0
BRDA:36,1,0,0
BRDA:36,1,1,0
BRDA:41,2,0,0
BRDA:41,2,1,0
BRDA:41,2,2,0
BRDA:47,3,0,0
BRDA:47,3,1,0
BRDA:56,4,0,0
BRDA:56,4,1,0
BRDA:59,5,0,0
BRDA:59,5,1,0
BRDA:65,6,0,0
BRDA:65,6,1,0
BRDA:76,7,0,0
BRDA:76,7,1,0
BRDA:92,8,0,0
BRDA:92,8,1,0
BRF:19
BRH:0
end_of_record
TN:
SF:src\components\RideDetail\VehicleInfo.js
FN:5,(anonymous_0)
FNF:1
FNH:1
FNDA:1,(anonymous_0)
DA:5,1
DA:6,1
DA:51,1
LF:3
LH:3
BRDA:20,0,0,1
BRDA:20,0,1,0
BRDA:32,1,0,1
BRDA:32,1,1,0
BRDA:44,2,0,1
BRDA:44,2,1,0
BRF:6
BRH:3
end_of_record
TN:
SF:src\components\RideHistory\EmptyRideList.js
FN:5,(anonymous_0)
FNF:1
FNH:0
FNDA:0,(anonymous_0)
DA:5,0
DA:6,0
DA:21,0
LF:3
LH:0
BRF:0
BRH:0
end_of_record
TN:
SF:src\components\RideHistory\RideHistoryItem.js
FN:8,(anonymous_0)
FN:12,(anonymous_1)
FNF:2
FNH:0
FNDA:0,(anonymous_0)
FNDA:0,(anonymous_1)
DA:8,0
DA:9,0
DA:13,0
DA:112,0
LF:4
LH:0
BRF:0
BRH:0
end_of_record
TN:
SF:src\components\RideHistory\RideHistoryList.js
FN:6,(anonymous_0)
FN:9,(anonymous_1)
FN:10,(anonymous_2)
FNF:3
FNH:0
FNDA:0,(anonymous_0)
FNDA:0,(anonymous_1)
FNDA:0,(anonymous_2)
DA:6,0
DA:7,0
DA:9,0
DA:11,0
LF:4
LH:0
BRF:0
BRH:0
end_of_record
TN:
SF:src\components\RideHistory\RidesHeader.js
FN:6,(anonymous_0)
FN:11,(anonymous_1)
FNF:2
FNH:0
FNDA:0,(anonymous_0)
FNDA:0,(anonymous_1)
DA:6,0
DA:7,0
DA:11,0
DA:32,0
LF:4
LH:0
BRF:0
BRH:0
end_of_record
TN:
SF:src\components\RideMapView\DirectionMap.js
FN:15,(anonymous_0)
FNF:1
FNH:0
FNDA:0,(anonymous_0)
DA:15,0
DA:16,0
DA:17,0
DA:18,0
DA:19,0
DA:20,0
DA:22,0
DA:110,0
LF:8
LH:0
BRF:0
BRH:0
end_of_record
TN:
SF:src\components\RideMapView\RideInfoSheet.js
FN:9,(anonymous_0)
FN:19,(anonymous_1)
FNF:2
FNH:2
FNDA:1,(anonymous_0)
FNDA:1,(anonymous_1)
DA:9,1
DA:10,1
DA:20,1
DA:185,1
LF:4
LH:4
BRF:0
BRH:0
end_of_record
TN:
SF:src\components\RideMapView\VerticalDashLine.js
FN:5,(anonymous_0)
FNF:1
FNH:0
FNDA:0,(anonymous_0)
DA:5,0
DA:6,0
LF:2
LH:0
BRF:0
BRH:0
end_of_record
TN:
SF:src\components\RideRequest\RequestItem.js
FN:8,(anonymous_0)
FN:134,(anonymous_1)
FNF:2
FNH:0
FNDA:0,(anonymous_0)
FNDA:0,(anonymous_1)
DA:8,0
DA:9,0
DA:135,0
DA:161,0
LF:4
LH:0
BRF:0
BRH:0
end_of_record
TN:
SF:src\components\RideRequest\RequestList.js
FN:6,(anonymous_0)
FN:10,(anonymous_1)
FN:11,(anonymous_2)
FN:14,(anonymous_3)
FN:15,(anonymous_4)
FNF:5
FNH:0
FNDA:0,(anonymous_0)
FNDA:0,(anonymous_1)
FNDA:0,(anonymous_2)
FNDA:0,(anonymous_3)
FNDA:0,(anonymous_4)
DA:6,0
DA:7,0
DA:10,0
DA:12,0
DA:14,0
DA:15,0
LF:6
LH:0
BRF:0
BRH:0
end_of_record
TN:
SF:src\components\RideRequest\RequestSheet.js
FN:17,(anonymous_0)
FN:28,(anonymous_1)
FN:31,(anonymous_2)
FN:34,(anonymous_3)
FN:60,(anonymous_4)
FN:103,(anonymous_5)
FN:128,(anonymous_6)
FN:140,(anonymous_7)
FNF:8
FNH:0
FNDA:0,(anonymous_0)
FNDA:0,(anonymous_1)
FNDA:0,(anonymous_2)
FNDA:0,(anonymous_3)
FNDA:0,(anonymous_4)
FNDA:0,(anonymous_5)
FNDA:0,(anonymous_6)
FNDA:0,(anonymous_7)
DA:15,0
DA:17,0
DA:25,0
DA:26,0
DA:28,0
DA:29,0
DA:30,0
DA:31,0
DA:32,0
DA:33,0
DA:35,0
DA:36,0
DA:37,0
DA:38,0
DA:39,0
DA:47,0
DA:49,0
DA:57,0
DA:58,0
DA:60,0
DA:61,0
DA:65,0
DA:104,0
DA:128,0
DA:140,0
LF:25
LH:0
BRDA:20,0,0,0
BRDA:29,1,0,0
BRDA:29,1,1,0
BRDA:37,2,0,0
BRDA:37,2,1,0
BRDA:43,3,0,0
BRDA:43,3,1,0
BRDA:57,4,0,0
BRDA:57,4,1,0
BRDA:84,5,0,0
BRDA:84,5,1,0
BRDA:92,6,0,0
BRDA:92,6,1,0
BRDA:114,7,0,0
BRDA:114,7,1,0
BRDA:121,8,0,0
BRDA:121,8,1,0
BRF:17
BRH:0
end_of_record
TN:
SF:src\components\Rides\NoRidesInfo.js
FN:5,(anonymous_0)
FNF:1
FNH:0
FNDA:0,(anonymous_0)
DA:5,0
DA:6,0
DA:21,0
LF:3
LH:0
BRF:0
BRH:0
end_of_record
TN:
SF:src\components\Rides\RideItem.js
FN:8,(anonymous_0)
FN:15,(anonymous_1)
FNF:2
FNH:2
FNDA:1,(anonymous_0)
FNDA:1,(anonymous_1)
DA:8,1
DA:9,1
DA:10,1
DA:12,1
DA:16,1
DA:114,1
LF:6
LH:6
BRDA:9,0,0,1
BRDA:9,0,1,0
BRDA:10,1,0,1
BRDA:10,1,1,0
BRDA:29,2,0,1
BRDA:29,2,1,1
BRF:6
BRH:4
end_of_record
TN:
SF:src\components\Rides\RidesHeader.js
FN:6,(anonymous_0)
FN:23,(anonymous_1)
FNF:2
FNH:0
FNDA:0,(anonymous_0)
FNDA:0,(anonymous_1)
DA:6,0
DA:7,0
DA:23,0
DA:31,0
LF:4
LH:0
BRF:0
BRH:0
end_of_record
TN:
SF:src\components\Rides\RidesList.js
FN:6,(anonymous_0)
FN:7,(anonymous_1)
FN:13,(anonymous_2)
FNF:3
FNH:0
FNDA:0,(anonymous_0)
FNDA:0,(anonymous_1)
FNDA:0,(anonymous_2)
DA:6,0
DA:7,0
DA:8,0
DA:10,0
DA:13,0
LF:5
LH:0
BRF:0
BRH:0
end_of_record
TN:
SF:src\components\Settings\DeleteAccountModal.js
FN:5,(anonymous_0)
FNF:1
FNH:1
FNDA:2,(anonymous_0)
DA:5,1
DA:6,2
DA:31,1
LF:3
LH:3
BRF:0
BRH:0
end_of_record
TN:
SF:src\components\Settings\MapSettingsModal.js
FN:6,(anonymous_0)
FNF:1
FNH:0
FNDA:0,(anonymous_0)
DA:6,0
DA:17,0
DA:55,0
LF:3
LH:0
BRDA:24,0,0,0
BRDA:24,0,1,0
BRDA:32,1,0,0
BRDA:32,1,1,0
BRF:4
BRH:0
end_of_record
TN:
SF:src\components\Settings\OptionsList.js
FN:6,(anonymous_0)
FNF:1
FNH:1
FNDA:1,(anonymous_0)
DA:6,1
DA:7,1
DA:54,1
LF:3
LH:3
BRF:0
BRH:0
end_of_record
TN:
SF:src\components\Settings\PasswordModal.js
FN:6,(anonymous_0)
FNF:1
FNH:0
FNDA:0,(anonymous_0)
DA:6,0
DA:15,0
DA:49,0
LF:3
LH:0
BRF:0
BRH:0
end_of_record
TN:
SF:src\components\Settings\ProfileSection.js
FN:6,(anonymous_0)
FN:10,(anonymous_1)
FN:14,(anonymous_2)
FNF:3
FNH:0
FNDA:0,(anonymous_0)
FNDA:0,(anonymous_1)
FNDA:0,(anonymous_2)
DA:6,0
DA:7,0
DA:8,0
DA:10,0
DA:11,0
DA:14,0
DA:15,0
DA:16,0
DA:20,0
DA:37,0
LF:10
LH:0
BRDA:15,0,0,0
BRDA:15,0,1,0
BRDA:15,1,0,0
BRDA:15,1,1,0
BRDA:24,2,0,0
BRDA:24,2,1,0
BRF:6
BRH:0
end_of_record
TN:
SF:src\components\StartRide\DirectionInfo.js
FN:5,(anonymous_0)
FNF:1
FNH:1
FNDA:2,(anonymous_0)
DA:5,1
DA:6,2
DA:8,1
DA:30,1
LF:4
LH:4
BRDA:6,0,0,1
BRDA:6,0,1,1
BRF:2
BRH:2
end_of_record
TN:
SF:src\components\StartRide\RideInfoSheet.js
FN:7,(anonymous_0)
FN:15,(anonymous_1)
FN:19,(anonymous_2)
FNF:3
FNH:1
FNDA:1,(anonymous_0)
FNDA:0,(anonymous_1)
FNDA:0,(anonymous_2)
DA:5,1
DA:7,1
DA:8,1
DA:10,0
DA:15,0
DA:20,0
DA:37,1
LF:7
LH:4
BRDA:7,0,0,0
BRDA:8,1,0,1
BRDA:8,1,1,0
BRDA:23,2,0,0
BRDA:23,2,1,0
BRF:5
BRH:1
end_of_record
TN:
SF:src\components\StartRide\StartRideButton.js
FN:7,(anonymous_0)
FN:8,(anonymous_1)
FNF:2
FNH:0
FNDA:0,(anonymous_0)
FNDA:0,(anonymous_1)
DA:7,0
DA:8,0
DA:9,0
DA:10,0
DA:11,0
DA:12,0
DA:13,0
DA:15,0
DA:16,0
DA:20,0
LF:10
LH:0
BRF:0
BRH:0
end_of_record
TN:
SF:src\components\StartRide\VerticalDashLine.js
FN:5,(anonymous_0)
FNF:1
FNH:0
FNDA:0,(anonymous_0)
DA:5,0
DA:6,0
LF:2
LH:0
BRF:0
BRH:0
end_of_record
TN:
SF:src\components\Transactions\TransactionItem.js
FN:5,(anonymous_0)
FNF:1
FNH:1
FNDA:3,(anonymous_0)
DA:5,2
DA:6,3
DA:40,2
LF:3
LH:3
BRDA:26,0,0,1
BRDA:26,0,1,2
BRDA:35,1,0,3
BRDA:35,1,1,2
BRF:4
BRH:4
end_of_record
TN:
SF:src\components\Transactions\TransactionList.js
FN:6,(anonymous_0)
FN:7,(anonymous_1)
FN:15,(anonymous_2)
FNF:3
FNH:3
FNDA:1,(anonymous_0)
FNDA:2,(anonymous_1)
FNDA:3,(anonymous_2)
DA:6,1
DA:7,1
DA:8,2
DA:9,2
DA:12,1
DA:15,3
LF:6
LH:6
BRF:0
BRH:0
end_of_record
TN:
SF:src\components\UserVehicleScreen\AddVehicleButton.js
FN:6,(anonymous_0)
FN:10,(anonymous_1)
FNF:2
FNH:0
FNDA:0,(anonymous_0)
FNDA:0,(anonymous_1)
DA:6,0
DA:7,0
DA:10,0
DA:18,0
LF:4
LH:0
BRF:0
BRH:0
end_of_record
TN:
SF:src\components\UserVehicleScreen\SnackBarComponent.js
FN:6,(anonymous_0)
FN:13,(anonymous_1)
FNF:2
FNH:0
FNDA:0,(anonymous_0)
FNDA:0,(anonymous_1)
DA:6,0
DA:7,0
DA:13,0
LF:3
LH:0
BRF:0
BRH:0
end_of_record
TN:
SF:src\components\UserVehicleScreen\StatusModal.js
FN:5,(anonymous_0)
FN:11,(anonymous_1)
FN:18,(anonymous_2)
FNF:3
FNH:1
FNDA:1,(anonymous_0)
FNDA:0,(anonymous_1)
FNDA:0,(anonymous_2)
DA:5,1
DA:6,1
DA:11,0
DA:18,0
DA:28,1
LF:5
LH:3
BRF:0
BRH:0
end_of_record
TN:
SF:src\components\UserVehicleScreen\VehicleItem.js
FN:14,(anonymous_0)
FN:28,(anonymous_1)
FN:42,(anonymous_2)
FNF:3
FNH:1
FNDA:2,(anonymous_0)
FNDA:0,(anonymous_1)
FNDA:0,(anonymous_2)
DA:12,1
DA:14,1
DA:15,2
DA:28,0
DA:42,0
DA:66,1
LF:6
LH:4
BRDA:19,0,0,0
BRDA:19,0,1,2
BRDA:19,1,0,2
BRDA:19,1,1,0
BRDA:30,2,0,1
BRDA:30,2,1,1
BRF:6
BRH:4
end_of_record
TN:
SF:src\components\UserVehicleScreen\VehiclesList.js
FN:6,(anonymous_0)
FN:7,(anonymous_1)
FN:17,(anonymous_2)
FNF:3
FNH:3
FNDA:1,(anonymous_0)
FNDA:2,(anonymous_1)
FNDA:3,(anonymous_2)
DA:6,1
DA:7,1
DA:8,2
DA:14,1
DA:17,3
DA:25,1
LF:6
LH:6
BRF:0
BRH:0
end_of_record
TN:
SF:src\components\Wallet\BalanceInfo.js
FN:8,(anonymous_0)
FN:11,(anonymous_1)
FN:12,(anonymous_2)
FN:29,(anonymous_3)
FN:40,(anonymous_4)
FNF:5
FNH:0
FNDA:0,(anonymous_0)
FNDA:0,(anonymous_1)
FNDA:0,(anonymous_2)
FNDA:0,(anonymous_3)
FNDA:0,(anonymous_4)
DA:8,0
DA:9,0
DA:10,0
DA:12,0
DA:16,0
DA:30,0
DA:41,0
DA:48,0
LF:8
LH:0
BRF:0
BRH:0
end_of_record
TN:
SF:src\components\Wallet\WalletHeader.js
FN:5,(anonymous_0)
FNF:1
FNH:1
FNDA:1,(anonymous_0)
DA:5,1
DA:6,1
DA:13,1
LF:3
LH:3
BRF:0
BRH:0
end_of_record
TN:
SF:src\components\Wallet\WalletImage.js
FN:5,(anonymous_0)
FNF:1
FNH:0
FNDA:0,(anonymous_0)
DA:5,0
DA:6,0
DA:14,0
LF:3
LH:0
BRF:0
BRH:0
end_of_record
TN:
SF:src\components\Wallet\WalletOption.js
FN:7,(anonymous_0)
FNF:1
FNH:0
FNDA:0,(anonymous_0)
DA:7,0
DA:17,0
DA:19,0
DA:55,0
LF:4
LH:0
BRDA:17,0,0,0
BRDA:17,0,1,0
BRDA:29,1,0,0
BRDA:29,1,1,0
BRF:4
BRH:0
end_of_record
TN:
SF:src\constants\Colors.ts
FNF:0
FNH:0
LF:0
LH:0
BRF:0
BRH:0
end_of_record
TN:
SF:src\constants\key.js
FNF:0
FNH:0
DA:4,1
LF:1
LH:1
BRF:0
BRH:0
end_of_record
TN:
SF:src\constants\styles.js
FNF:0
FNH:0
DA:3,65
DA:16,65
DA:300,65
DA:304,65
DA:305,65
DA:307,65
LF:6
LH:6
BRF:0
BRH:0
end_of_record
TN:
SF:src\hooks\useAddVehicle.js
FN:13,(anonymous_0)
FN:18,(anonymous_1)
FNF:2
FNH:2
FNDA:3,(anonymous_0)
FNDA:1,(anonymous_1)
DA:13,1
DA:14,3
DA:15,3
DA:16,3
DA:18,3
DA:19,1
DA:20,1
DA:21,0
DA:23,1
DA:25,1
DA:29,1
DA:30,1
DA:31,0
DA:32,0
DA:35,1
DA:36,1
DA:37,1
DA:39,1
DA:50,1
DA:51,1
DA:54,3
LF:21
LH:18
BRDA:20,0,0,0
BRDA:20,0,1,1
BRDA:30,1,0,0
BRDA:30,1,1,1
BRDA:36,2,0,1
BRDA:36,2,1,0
BRF:6
BRH:3
end_of_record
TN:
SF:src\hooks\useAuth.tsx
FN:36,(anonymous_0)
FN:40,(anonymous_1)
FN:44,(anonymous_2)
FN:50,(anonymous_3)
FN:62,(anonymous_4)
FN:86,(anonymous_5)
FN:111,(anonymous_6)
FN:123,(anonymous_7)
FN:134,(anonymous_8)
FNF:9
FNH:3
FNDA:1,(anonymous_0)
FNDA:1,(anonymous_1)
FNDA:1,(anonymous_2)
FNDA:0,(anonymous_3)
FNDA:0,(anonymous_4)
FNDA:0,(anonymous_5)
FNDA:0,(anonymous_6)
FNDA:0,(anonymous_7)
FNDA:0,(anonymous_8)
DA:34,1
DA:36,1
DA:37,1
DA:40,1
DA:41,1
DA:42,1
DA:44,1
DA:45,1
DA:46,1
DA:50,1
DA:54,0
DA:55,0
DA:57,0
DA:58,0
DA:62,1
DA:66,0
DA:67,0
DA:72,0
DA:73,0
DA:74,0
DA:76,0
DA:79,0
DA:80,0
DA:81,0
DA:82,0
DA:86,1
DA:90,0
DA:91,0
DA:96,0
DA:97,0
DA:98,0
DA:99,0
DA:101,0
DA:104,0
DA:105,0
DA:106,0
DA:107,0
DA:111,1
DA:112,0
DA:113,0
DA:114,0
DA:116,0
DA:119,0
DA:123,1
DA:124,0
DA:125,0
DA:126,0
DA:129,0
DA:130,0
DA:134,1
DA:135,0
DA:136,0
DA:137,0
DA:140,0
DA:144,1
LF:55
LH:16
BRDA:45,0,0,1
BRDA:45,0,1,0
BRDA:45,1,0,1
BRDA:45,1,1,1
BRDA:80,2,0,0
BRDA:80,2,1,0
BRDA:105,3,0,0
BRDA:105,3,1,0
BRDA:125,4,0,0
BRDA:125,4,1,0
BRDA:136,5,0,0
BRDA:136,5,1,0
BRF:12
BRH:3
end_of_record
TN:
SF:src\hooks\useCreateJourney.js
FN:14,(anonymous_0)
FN:20,(anonymous_1)
FN:51,(anonymous_2)
FNF:3
FNH:3
FNDA:3,(anonymous_0)
FNDA:1,(anonymous_1)
FNDA:13,(anonymous_2)
DA:14,1
DA:15,3
DA:16,3
DA:17,3
DA:18,3
DA:20,3
DA:32,1
DA:33,1
DA:35,1
DA:51,1
DA:52,13
DA:53,13
DA:56,1
DA:57,1
DA:58,1
DA:59,0
DA:61,1
DA:62,1
DA:65,1
DA:66,1
DA:72,1
DA:74,0
DA:75,0
DA:76,0
DA:77,0
DA:81,3
LF:26
LH:21
BRDA:24,0,0,0
BRDA:25,1,0,0
BRDA:26,2,0,0
BRDA:27,3,0,0
BRDA:28,4,0,0
BRDA:29,5,0,0
BRDA:48,6,0,0
BRDA:48,6,1,1
BRDA:52,7,0,13
BRDA:52,7,1,0
BRDA:58,8,0,0
BRDA:58,8,1,1
BRDA:68,9,0,0
BRDA:68,9,1,1
BRF:14
BRH:4
end_of_record
TN:
SF:src\hooks\useDeleteAccount.js
FN:4,(anonymous_0)
FN:7,(anonymous_1)
FN:10,(anonymous_2)
FN:14,(anonymous_3)
FNF:4
FNH:4
FNDA:2,(anonymous_0)
FNDA:2,(anonymous_1)
FNDA:1,(anonymous_2)
FNDA:1,(anonymous_3)
DA:4,1
DA:5,2
DA:7,2
DA:8,2
DA:9,2
DA:11,1
DA:12,1
DA:15,1
DA:16,1
DA:20,2
LF:10
LH:10
BRF:0
BRH:0
end_of_record
TN:
SF:src\hooks\useDriver.js
FN:4,(anonymous_0)
FN:8,(anonymous_1)
FN:10,(anonymous_2)
FNF:3
FNH:3
FNDA:3,(anonymous_0)
FNDA:2,(anonymous_1)
FNDA:1,(anonymous_2)
DA:4,1
DA:5,3
DA:6,3
DA:8,3
DA:9,2
DA:10,1
DA:11,1
DA:12,1
DA:13,1
DA:14,1
DA:15,1
DA:17,0
DA:20,0
DA:23,1
DA:27,3
LF:15
LH:13
BRDA:9,0,0,1
BRDA:9,0,1,1
BRDA:14,1,0,1
BRDA:14,1,1,0
BRF:4
BRH:3
end_of_record
TN:
SF:src\hooks\useEditProfile.js
FN:7,(anonymous_0)
FN:17,(anonymous_1)
FN:21,(anonymous_2)
FN:52,(anonymous_3)
FNF:4
FNH:0
FNDA:0,(anonymous_0)
FNDA:0,(anonymous_1)
FNDA:0,(anonymous_2)
FNDA:0,(anonymous_3)
DA:5,0
DA:7,0
DA:8,0
DA:9,0
DA:11,0
DA:12,0
DA:13,0
DA:14,0
DA:15,0
DA:17,0
DA:18,0
DA:21,0
DA:22,0
DA:23,0
DA:25,0
DA:26,0
DA:28,0
DA:29,0
DA:30,0
DA:31,0
DA:32,0
DA:33,0
DA:39,0
DA:47,0
DA:49,0
DA:52,0
DA:53,0
DA:54,0
DA:55,0
DA:58,0
DA:59,0
DA:60,0
DA:62,0
DA:63,0
DA:72,0
DA:82,0
DA:84,0
DA:85,0
DA:89,0
LF:39
LH:0
BRDA:9,0,0,0
BRDA:9,0,1,0
BRDA:23,1,0,0
BRDA:23,1,1,0
BRDA:28,2,0,0
BRDA:28,2,1,0
BRDA:30,3,0,0
BRDA:30,3,1,0
BRDA:31,4,0,0
BRDA:31,4,1,0
BRDA:32,5,0,0
BRDA:32,5,1,0
BRDA:34,6,0,0
BRDA:34,6,1,0
BRDA:53,7,0,0
BRDA:53,7,1,0
BRDA:62,8,0,0
BRDA:62,8,1,0
BRDA:67,9,0,0
BRDA:67,9,1,0
BRDA:76,10,0,0
BRDA:76,10,1,0
BRF:22
BRH:0
end_of_record
TN:
SF:src\hooks\useFetchVehicles.js
FN:11,(anonymous_0)
FN:18,(anonymous_1)
FN:34,(anonymous_2)
FN:35,(anonymous_3)
FN:42,(anonymous_4)
FN:49,(anonymous_5)
FNF:6
FNH:5
FNDA:4,(anonymous_0)
FNDA:2,(anonymous_1)
FNDA:1,(anonymous_2)
FNDA:2,(anonymous_3)
FNDA:0,(anonymous_4)
FNDA:1,(anonymous_5)
DA:11,1
DA:12,4
DA:13,4
DA:14,4
DA:15,4
DA:16,4
DA:18,4
DA:19,2
DA:20,2
DA:21,1
DA:22,1
DA:23,1
DA:26,1
DA:32,1
DA:35,2
DA:39,1
DA:40,1
DA:43,0
DA:44,0
DA:45,0
DA:49,1
DA:52,4
LF:22
LH:19
BRDA:20,0,0,1
BRDA:20,0,1,1
BRF:2
BRH:2
end_of_record
TN:
SF:src\hooks\useFindMatchingJourneys.js
FN:11,(anonymous_0)
FN:16,(anonymous_1)
FN:38,(anonymous_2)
FNF:3
FNH:3
FNDA:6,(anonymous_0)
FNDA:2,(anonymous_1)
FNDA:2,(anonymous_2)
DA:11,1
DA:12,6
DA:13,6
DA:14,6
DA:16,6
DA:22,2
DA:23,2
DA:25,2
DA:26,2
DA:27,2
DA:37,2
DA:38,2
DA:43,2
DA:45,2
DA:46,1
DA:52,1
DA:59,2
DA:61,0
DA:62,0
DA:63,0
DA:65,0
DA:71,0
DA:75,6
LF:23
LH:18
BRDA:45,0,0,1
BRDA:45,0,1,1
BRF:2
BRH:2
end_of_record
TN:
SF:src\hooks\useLocation.js
FN:4,(anonymous_0)
FN:7,(anonymous_1)
FN:8,(anonymous_2)
FNF:3
FNH:3
FNDA:3,(anonymous_0)
FNDA:2,(anonymous_1)
FNDA:2,(anonymous_2)
DA:4,1
DA:5,3
DA:7,3
DA:8,2
DA:9,2
DA:10,2
DA:11,1
DA:12,1
DA:14,1
DA:15,1
DA:16,1
DA:17,1
DA:22,3
LF:13
LH:13
BRDA:10,0,0,1
BRDA:10,0,1,1
BRDA:16,1,0,1
BRDA:16,1,1,0
BRF:4
BRH:3
end_of_record
TN:
SF:src\hooks\useMapSettings.js
FN:8,(anonymous_0)
FN:15,(anonymous_1)
FN:38,(anonymous_2)
FN:42,(anonymous_3)
FNF:4
FNH:3
FNDA:4,(anonymous_0)
FNDA:2,(anonymous_1)
FNDA:2,(anonymous_2)
FNDA:0,(anonymous_3)
DA:6,1
DA:8,1
DA:9,4
DA:10,4
DA:11,4
DA:12,4
DA:13,4
DA:15,4
DA:16,2
DA:17,2
DA:18,1
DA:19,1
DA:21,1
DA:22,1
DA:23,1
DA:24,1
DA:25,1
DA:26,1
DA:27,1
DA:28,1
DA:29,1
DA:32,0
DA:34,2
DA:38,4
DA:39,2
DA:42,4
DA:43,0
DA:44,0
DA:46,0
DA:47,0
DA:51,0
DA:53,0
DA:54,0
DA:58,0
DA:60,0
DA:61,0
DA:62,0
DA:65,0
DA:66,0
DA:70,0
DA:71,0
DA:72,0
DA:74,0
DA:75,0
DA:79,0
DA:83,4
LF:46
LH:26
BRDA:17,0,0,1
BRDA:17,0,1,1
BRDA:22,1,0,1
BRDA:22,1,1,0
BRDA:46,2,0,0
BRDA:46,2,1,0
BRDA:46,3,0,0
BRDA:46,3,1,0
BRDA:46,3,2,0
BRDA:53,4,0,0
BRDA:53,4,1,0
BRDA:53,5,0,0
BRDA:53,5,1,0
BRDA:53,5,2,0
BRDA:60,6,0,0
BRDA:60,6,1,0
BRF:16
BRH:3
end_of_record
TN:
SF:src\hooks\useMessages.js
FN:6,useMessages
FN:9,(anonymous_1)
FN:19,(anonymous_2)
FN:20,(anonymous_3)
FN:32,(anonymous_4)
FN:35,(anonymous_5)
FNF:6
FNH:5
FNDA:3,useMessages
FNDA:2,(anonymous_1)
FNDA:1,(anonymous_2)
FNDA:2,(anonymous_3)
FNDA:0,(anonymous_4)
FNDA:1,(anonymous_5)
DA:7,3
DA:9,3
DA:10,2
DA:11,1
DA:12,1
DA:14,1
DA:15,1
DA:17,1
DA:20,1
DA:21,2
DA:22,2
DA:30,1
DA:32,0
DA:35,1
DA:38,3
LF:15
LH:14
BRDA:10,0,0,1
BRDA:10,0,1,1
BRDA:12,1,0,0
BRDA:12,1,1,1
BRF:4
BRH:3
end_of_record
TN:
SF:src\hooks\usePasswordChange.js
FN:10,(anonymous_0)
FN:15,(anonymous_1)
FNF:2
FNH:2
FNDA:10,(anonymous_0)
FNDA:5,(anonymous_1)
DA:10,1
DA:11,10
DA:12,10
DA:13,10
DA:15,10
DA:16,5
DA:17,1
DA:18,1
DA:20,4
DA:21,1
DA:22,1
DA:24,3
DA:25,3
DA:26,1
DA:27,1
DA:29,2
DA:30,1
DA:35,1
DA:37,2
DA:38,2
DA:42,10
LF:21
LH:21
BRDA:16,0,0,1
BRDA:16,0,1,4
BRDA:20,1,0,1
BRDA:20,1,1,3
BRDA:29,2,0,1
BRDA:29,2,1,1
BRF:6
BRH:6
end_of_record
TN:
SF:src\hooks\useRegistration.js
FN:15,useRegistration
FN:27,(anonymous_1)
FN:45,(anonymous_2)
FN:55,(anonymous_3)
FN:69,(anonymous_4)
FN:69,(anonymous_5)
FNF:6
FNH:3
FNDA:6,useRegistration
FNDA:1,(anonymous_1)
FNDA:0,(anonymous_2)
FNDA:1,(anonymous_3)
FNDA:0,(anonymous_4)
FNDA:0,(anonymous_5)
DA:22,6
DA:23,6
DA:24,6
DA:25,6
DA:27,6
DA:28,1
DA:29,0
DA:30,0
DA:31,0
DA:33,1
DA:34,1
DA:35,1
DA:36,1
DA:37,1
DA:42,1
DA:45,1
DA:46,1
DA:48,0
DA:49,0
DA:51,1
DA:55,6
DA:56,1
DA:57,0
DA:58,0
DA:59,0
DA:61,1
DA:62,1
DA:63,1
DA:64,1
DA:65,1
DA:66,1
DA:69,1
DA:70,1
DA:71,1
DA:72,1
DA:74,0
DA:75,0
DA:77,1
DA:81,6
LF:39
LH:29
BRDA:28,0,0,0
BRDA:28,0,1,1
BRDA:56,1,0,0
BRDA:56,1,1,1
BRF:4
BRH:2
end_of_record
TN:
SF:src\hooks\useRideAndDriver.js
FN:5,useRideAndDriver
FN:9,(anonymous_1)
FN:11,(anonymous_2)
FNF:3
FNH:3
FNDA:3,useRideAndDriver
FNDA:2,(anonymous_1)
FNDA:1,(anonymous_2)
DA:6,3
DA:7,3
DA:9,3
DA:10,2
DA:11,1
DA:12,1
DA:13,1
DA:14,1
DA:15,1
DA:16,1
DA:18,1
DA:21,1
DA:23,0
DA:26,1
DA:29,3
LF:15
LH:14
BRDA:10,0,0,1
BRDA:10,0,1,1
BRDA:14,1,0,0
BRDA:14,1,1,1
BRDA:21,2,0,1
BRDA:21,2,1,0
BRF:6
BRH:4
end_of_record
TN:
SF:src\hooks\useUpdateWalletValue.js
FN:5,(anonymous_0)
FN:6,(anonymous_1)
FNF:2
FNH:2
FNDA:3,(anonymous_0)
FNDA:3,(anonymous_1)
DA:5,1
DA:6,3
DA:7,3
DA:8,3
DA:9,3
DA:10,1
DA:12,2
DA:13,2
DA:14,2
DA:15,2
DA:16,2
DA:17,1
DA:19,2
DA:20,2
DA:21,2
DA:23,0
DA:24,0
DA:28,3
LF:18
LH:16
BRDA:9,0,0,1
BRDA:9,0,1,2
BRDA:16,1,0,1
BRDA:16,1,1,1
BRF:4
BRH:4
end_of_record
TN:
SF:src\hooks\useUpdateWalletValueFromAmount.js
FN:6,(anonymous_0)
FN:11,(anonymous_1)
FN:15,(anonymous_2)
FN:23,(anonymous_3)
FN:26,(anonymous_4)
FN:31,(anonymous_5)
FNF:6
FNH:4
FNDA:5,(anonymous_0)
FNDA:3,(anonymous_1)
FNDA:2,(anonymous_2)
FNDA:2,(anonymous_3)
FNDA:0,(anonymous_4)
FNDA:0,(anonymous_5)
DA:6,1
DA:7,5
DA:8,5
DA:9,5
DA:11,5
DA:12,3
DA:13,2
DA:14,2
DA:16,2
DA:17,2
DA:19,2
DA:22,2
DA:24,2
DA:27,0
DA:28,0
DA:32,0
DA:33,0
DA:38,5
LF:18
LH:14
BRDA:6,0,0,1
BRDA:12,1,0,2
BRDA:12,1,1,1
BRDA:12,2,0,3
BRDA:12,2,1,2
BRDA:16,3,0,1
BRDA:16,3,1,1
BRDA:19,4,0,1
BRDA:19,4,1,1
BRF:9
BRH:9
end_of_record
TN:
SF:src\hooks\useUser.tsx
FN:34,(anonymous_0)
FN:38,(anonymous_1)
FN:45,(anonymous_2)
FN:53,(anonymous_3)
FN:61,(anonymous_4)
FN:73,(anonymous_5)
FN:89,(anonymous_6)
FN:100,(anonymous_7)
FN:103,(anonymous_8)
FN:111,(anonymous_9)
FN:115,(anonymous_10)
FN:132,(anonymous_11)
FN:149,(anonymous_12)
FNF:13
FNH:4
FNDA:1,(anonymous_0)
FNDA:1,(anonymous_1)
FNDA:1,(anonymous_2)
FNDA:1,(anonymous_3)
FNDA:0,(anonymous_4)
FNDA:0,(anonymous_5)
FNDA:0,(anonymous_6)
FNDA:0,(anonymous_7)
FNDA:0,(anonymous_8)
FNDA:0,(anonymous_9)
FNDA:0,(anonymous_10)
FNDA:0,(anonymous_11)
FNDA:0,(anonymous_12)
DA:32,1
DA:34,1
DA:35,1
DA:38,1
DA:39,1
DA:40,1
DA:41,1
DA:42,1
DA:43,1
DA:45,1
DA:46,1
DA:47,0
DA:49,1
DA:53,1
DA:54,1
DA:55,1
DA:56,1
DA:57,1
DA:61,1
DA:62,0
DA:63,0
DA:65,0
DA:66,0
DA:67,0
DA:68,0
DA:70,0
DA:72,0
DA:74,0
DA:75,0
DA:76,0
DA:77,0
DA:78,0
DA:80,0
DA:81,0
DA:83,0
DA:84,0
DA:86,0
DA:90,0
DA:93,0
DA:94,0
DA:99,0
DA:101,0
DA:104,0
DA:107,0
DA:111,1
DA:112,0
DA:115,1
DA:116,0
DA:117,0
DA:118,0
DA:121,0
DA:123,0
DA:126,0
DA:132,1
DA:133,0
DA:134,0
DA:135,0
DA:138,0
DA:140,0
DA:143,0
DA:149,1
DA:150,0
DA:154,1
LF:63
LH:23
BRDA:46,0,0,0
BRDA:46,0,1,1
BRDA:54,1,0,1
BRDA:54,1,1,0
BRDA:62,2,0,0
BRDA:62,2,1,0
BRDA:74,3,0,0
BRDA:74,3,1,0
BRDA:76,4,0,0
BRDA:76,4,1,0
BRDA:77,5,0,0
BRDA:77,5,1,0
BRDA:93,6,0,0
BRDA:93,6,1,0
BRDA:93,7,0,0
BRDA:93,7,1,0
BRDA:95,8,0,0
BRDA:95,8,1,0
BRDA:101,9,0,0
BRDA:101,9,1,0
BRDA:116,10,0,0
BRDA:116,10,1,0
BRDA:116,11,0,0
BRDA:116,11,1,0
BRDA:133,12,0,0
BRDA:133,12,1,0
BRDA:133,13,0,0
BRDA:133,13,1,0
BRDA:150,14,0,0
BRDA:150,14,1,0
BRDA:150,15,0,0
BRDA:150,15,1,0
BRF:32
BRH:2
end_of_record
TN:
SF:src\hooks\useUserInfo.tsx
FN:8,useUserInfo
FN:13,(anonymous_1)
FNF:2
FNH:2
FNDA:7,useUserInfo
FNDA:3,(anonymous_1)
DA:6,1
DA:9,7
DA:10,7
DA:11,7
DA:13,7
DA:14,3
DA:15,1
DA:16,1
DA:19,2
DA:20,2
DA:26,1
DA:28,1
DA:29,1
DA:30,1
DA:34,7
LF:15
LH:15
BRDA:14,0,0,1
BRDA:14,0,1,2
BRDA:14,1,0,3
BRDA:14,1,1,2
BRDA:14,1,2,2
BRDA:14,1,3,2
BRF:6
BRH:6
end_of_record
TN:
SF:src\hooks\useUserProfile.js
FN:7,(anonymous_0)
FN:11,(anonymous_1)
FN:30,(anonymous_2)
FNF:3
FNH:3
FNDA:7,(anonymous_0)
FNDA:3,(anonymous_1)
FNDA:1,(anonymous_2)
DA:5,1
DA:7,1
DA:8,7
DA:9,7
DA:11,7
DA:12,3
DA:13,3
DA:14,3
DA:16,3
DA:17,3
DA:19,3
DA:20,2
DA:22,1
DA:23,1
DA:26,0
DA:30,7
DA:31,1
DA:32,1
DA:33,1
DA:36,7
LF:20
LH:19
BRDA:14,0,0,0
BRDA:14,0,1,3
BRDA:19,1,0,2
BRDA:19,1,1,1
BRF:4
BRH:3
end_of_record
TN:
SF:src\hooks\useUserVehicles.js
FN:13,(anonymous_0)
FN:21,(anonymous_1)
FN:32,(anonymous_2)
FN:33,(anonymous_3)
FN:45,(anonymous_4)
FN:50,(anonymous_5)
FN:53,(anonymous_6)
FN:62,(anonymous_7)
FNF:8
FNH:7
FNDA:9,(anonymous_0)
FNDA:3,(anonymous_1)
FNDA:3,(anonymous_2)
FNDA:6,(anonymous_3)
FNDA:0,(anonymous_4)
FNDA:3,(anonymous_5)
FNDA:1,(anonymous_6)
FNDA:2,(anonymous_7)
DA:13,1
DA:14,9
DA:15,9
DA:16,9
DA:17,9
DA:18,9
DA:19,9
DA:21,9
DA:22,3
DA:23,3
DA:25,3
DA:30,3
DA:33,3
DA:34,6
DA:35,6
DA:43,3
DA:46,0
DA:50,3
DA:53,9
DA:54,1
DA:55,1
DA:56,1
DA:58,0
DA:62,9
DA:63,2
DA:64,1
DA:66,1
DA:70,2
DA:73,9
LF:29
LH:27
BRDA:23,0,0,0
BRDA:23,0,1,3
BRDA:63,1,0,1
BRDA:63,1,1,1
BRF:4
BRH:3
end_of_record
TN:
SF:src\hooks\useWalletValue.js
FN:6,(anonymous_0)
FN:11,(anonymous_1)
FN:18,(anonymous_2)
FN:25,(anonymous_3)
FN:30,(anonymous_4)
FNF:5
FNH:4
FNDA:3,(anonymous_0)
FNDA:2,(anonymous_1)
FNDA:1,(anonymous_2)
FNDA:0,(anonymous_3)
FNDA:1,(anonymous_4)
DA:6,1
DA:7,3
DA:8,3
DA:9,3
DA:11,3
DA:12,2
DA:13,1
DA:15,1
DA:16,1
DA:19,1
DA:20,1
DA:22,0
DA:26,0
DA:27,0
DA:30,1
DA:33,3
LF:16
LH:13
BRDA:12,0,0,1
BRDA:12,0,1,1
BRDA:19,1,0,1
BRDA:19,1,1,0
BRF:4
BRH:3
end_of_record
TN:
SF:src\navigations\AdditionalNavigation.tsx
FN:11,AdditionalNavigation
FNF:1
FNH:0
FNDA:0,AdditionalNavigation
DA:8,0
DA:9,0
DA:12,0
LF:3
LH:0
BRF:0
BRH:0
end_of_record
TN:
SF:src\navigations\AppNavigation.tsx
FN:10,AppNavigation
FN:22,(anonymous_1)
FN:31,(anonymous_2)
FNF:3
FNH:0
FNDA:0,AppNavigation
FNDA:0,(anonymous_1)
FNDA:0,(anonymous_2)
DA:11,0
DA:12,0
DA:13,0
DA:15,0
DA:16,0
DA:19,0
DA:20,0
DA:22,0
DA:23,0
DA:24,0
DA:32,0
DA:33,0
DA:44,0
LF:13
LH:0
BRDA:15,0,0,0
BRDA:15,0,1,0
BRDA:15,1,0,0
BRDA:15,1,1,0
BRDA:20,2,0,0
BRDA:20,2,1,0
BRDA:23,3,0,0
BRDA:23,3,1,0
BRDA:23,4,0,0
BRDA:23,4,1,0
BRDA:46,5,0,0
BRDA:46,5,1,0
BRDA:46,6,0,0
BRDA:46,6,1,0
BRDA:46,6,2,0
BRF:15
BRH:0
end_of_record
TN:
SF:src\navigations\EntryNavigation.tsx
FN:10,EntryNavigation
FNF:1
FNH:0
FNDA:0,EntryNavigation
DA:8,0
DA:11,0
LF:2
LH:0
BRF:0
BRH:0
end_of_record
TN:
SF:src\navigations\HomeNavigation.tsx
FN:25,HomeNavigation
FNF:1
FNH:0
FNDA:0,HomeNavigation
DA:23,0
DA:26,0
LF:2
LH:0
BRF:0
BRH:0
end_of_record
TN:
SF:src\navigations\InfoNavigation.tsx
FN:9,InfoNavigation
FNF:1
FNH:0
FNDA:0,InfoNavigation
DA:6,0
DA:7,0
DA:10,0
LF:3
LH:0
BRF:0
BRH:0
end_of_record
TN:
SF:src\navigations\JourneyNavigation.tsx
FN:24,JourneyNavigation
FNF:1
FNH:0
FNDA:0,JourneyNavigation
DA:22,0
DA:25,0
LF:2
LH:0
BRF:0
BRH:0
end_of_record
TN:
SF:src\navigations\MainNavigation.tsx
FN:23,MainNavigation
FN:26,(anonymous_1)
FN:33,(anonymous_2)
FN:45,tabSort
FNF:4
FNH:0
FNDA:0,MainNavigation
FNDA:0,(anonymous_1)
FNDA:0,(anonymous_2)
FNDA:0,tabSort
DA:20,0
DA:21,0
DA:24,0
DA:26,0
DA:33,0
DA:46,0
DA:53,0
DA:72,0
LF:8
LH:0
BRDA:60,0,0,0
BRDA:60,0,1,0
BRDA:67,1,0,0
BRDA:67,1,1,0
BRDA:77,2,0,0
BRDA:77,2,1,0
BRF:6
BRH:0
end_of_record
TN:
SF:src\navigations\ProfileNavigation.tsx
FN:32,ProfileNavigation
FNF:1
FNH:0
FNDA:0,ProfileNavigation
DA:29,0
DA:30,0
DA:33,0
LF:3
LH:0
BRF:0
BRH:0
end_of_record
TN:
SF:src\navigations\SettingsNavigation.tsx
FN:9,SettingsNavigation
FNF:1
FNH:0
FNDA:0,SettingsNavigation
DA:6,0
DA:7,0
DA:10,0
LF:3
LH:0
BRF:0
BRH:0
end_of_record
TN:
SF:src\navigations\WalletNavigation.tsx
FN:14,WalletNavigation
FNF:1
FNH:0
FNDA:0,WalletNavigation
DA:12,0
DA:15,0
LF:2
LH:0
BRF:0
BRH:0
end_of_record
TN:
SF:src\navigations\navigation.ts
FNF:0
FNH:0
LF:0
LH:0
BRF:0
BRH:0
end_of_record
TN:
SF:src\screens\Entry\ForgotPassword.tsx
FN:20,ForgotPassword
FN:25,(anonymous_1)
FN:80,(anonymous_2)
FN:87,(anonymous_3)
FN:92,(anonymous_4)
FNF:5
FNH:5
FNDA:10,ForgotPassword
FNDA:5,(anonymous_1)
FNDA:4,(anonymous_2)
FNDA:5,(anonymous_3)
FNDA:1,(anonymous_4)
DA:21,10
DA:22,10
DA:23,10
DA:25,10
DA:26,5
DA:27,5
DA:28,1
DA:32,1
DA:34,4
DA:35,1
DA:39,1
DA:41,3
DA:42,1
DA:46,2
DA:47,1
DA:52,1
DA:57,10
DA:80,4
DA:87,5
DA:92,1
DA:102,1
LF:21
LH:21
BRDA:27,0,0,1
BRDA:27,0,1,4
BRDA:41,1,0,1
BRDA:41,1,1,2
BRDA:46,2,0,1
BRDA:46,2,1,1
BRDA:60,3,0,10
BRDA:60,3,1,0
BRDA:74,4,0,0
BRDA:74,4,1,10
BRF:10
BRH:8
end_of_record
TN:
SF:src\screens\Entry\Login.tsx
FN:16,Login
FN:24,(anonymous_1)
FN:52,(anonymous_2)
FN:61,(anonymous_3)
FN:66,(anonymous_4)
FN:84,(anonymous_5)
FNF:6
FNH:6
FNDA:6,Login
FNDA:1,(anonymous_1)
FNDA:1,(anonymous_2)
FNDA:1,(anonymous_3)
FNDA:1,(anonymous_4)
FNDA:1,(anonymous_5)
DA:17,6
DA:18,6
DA:19,6
DA:20,6
DA:22,6
DA:24,6
DA:25,1
DA:26,1
DA:27,0
DA:31,6
DA:52,1
DA:61,1
DA:66,1
DA:84,1
DA:93,1
LF:15
LH:14
BRDA:26,0,0,0
BRDA:26,0,1,1
BRDA:44,1,0,0
BRDA:44,1,1,6
BRF:4
BRH:2
end_of_record
TN:
SF:src\screens\Entry\MainInfo.tsx
FN:23,MainInfo
FN:34,(anonymous_1)
FN:78,(anonymous_2)
FN:85,(anonymous_3)
FN:92,(anonymous_4)
FN:100,(anonymous_5)
FNF:6
FNH:6
FNDA:14,MainInfo
FNDA:3,(anonymous_1)
FNDA:2,(anonymous_2)
FNDA:2,(anonymous_3)
FNDA:2,(anonymous_4)
FNDA:2,(anonymous_5)
DA:21,1
DA:24,14
DA:25,14
DA:26,14
DA:27,14
DA:28,14
DA:30,14
DA:31,14
DA:32,14
DA:34,14
DA:35,3
DA:36,1
DA:37,1
DA:40,2
DA:41,2
DA:47,1
DA:51,1
DA:52,1
DA:53,1
DA:54,1
DA:55,1
DA:56,1
DA:58,1
DA:59,1
DA:63,14
DA:78,2
DA:85,2
DA:92,2
DA:100,2
DA:117,1
LF:30
LH:30
BRDA:35,0,0,1
BRDA:35,0,1,2
BRDA:35,1,0,3
BRDA:35,1,1,2
BRDA:35,1,2,2
BRDA:35,1,3,2
BRDA:66,2,0,14
BRDA:66,2,1,0
BRDA:72,3,0,2
BRDA:72,3,1,12
BRF:10
BRH:9
end_of_record
TN:
SF:src\screens\Entry\Register.tsx
FN:19,Register
FN:26,(anonymous_1)
FN:66,(anonymous_2)
FN:74,(anonymous_3)
FN:81,(anonymous_4)
FN:86,(anonymous_5)
FNF:6
FNH:6
FNDA:11,Register
FNDA:3,(anonymous_1)
FNDA:3,(anonymous_2)
FNDA:3,(anonymous_3)
FNDA:3,(anonymous_4)
FNDA:1,(anonymous_5)
DA:20,11
DA:21,11
DA:22,11
DA:23,11
DA:24,11
DA:26,11
DA:27,3
DA:28,3
DA:29,1
DA:30,1
DA:31,2
DA:32,1
DA:36,1
DA:38,1
DA:42,11
DA:66,3
DA:74,3
DA:81,3
DA:86,1
DA:96,1
LF:20
LH:20
BRDA:28,0,0,1
BRDA:28,0,1,2
BRDA:31,1,0,1
BRDA:31,1,1,1
BRDA:45,2,0,11
BRDA:45,2,1,0
BRDA:59,3,0,1
BRDA:59,3,1,10
BRF:8
BRH:7
end_of_record
TN:
SF:src\screens\Entry\auth\loginScreen.js
FN:23,(anonymous_0)
FN:24,(anonymous_1)
FN:26,(anonymous_2)
FN:36,(anonymous_3)
FN:39,(anonymous_4)
FN:46,_spring
FN:48,(anonymous_6)
FN:73,loginInfo
FN:83,loginButton
FN:87,(anonymous_9)
FN:100,mobileNumberInfo
FN:103,(anonymous_11)
FN:120,loginDescription
FN:137,imageView
FN:148,exitInfo
FNF:15
FNH:0
FNDA:0,(anonymous_0)
FNDA:0,(anonymous_1)
FNDA:0,(anonymous_2)
FNDA:0,(anonymous_3)
FNDA:0,(anonymous_4)
FNDA:0,_spring
FNDA:0,(anonymous_6)
FNDA:0,loginInfo
FNDA:0,loginButton
FNDA:0,(anonymous_9)
FNDA:0,mobileNumberInfo
FNDA:0,(anonymous_11)
FNDA:0,loginDescription
FNDA:0,imageView
FNDA:0,exitInfo
DA:23,0
DA:24,0
DA:25,0
DA:26,0
DA:27,0
DA:30,0
DA:31,0
DA:35,0
DA:37,0
DA:38,0
DA:39,0
DA:40,0
DA:41,0
DA:47,0
DA:48,0
DA:49,0
DA:53,0
DA:54,0
DA:56,0
DA:74,0
DA:84,0
DA:88,0
DA:101,0
DA:103,0
DA:121,0
DA:138,0
DA:149,0
DA:161,0
LF:28
LH:0
BRDA:25,0,0,0
BRDA:25,0,1,0
BRDA:30,1,0,0
BRDA:30,1,1,0
BRDA:149,2,0,0
BRDA:149,2,1,0
BRF:6
BRH:0
end_of_record
TN:
SF:src\screens\Entry\auth\registerScreen.js
FN:22,(anonymous_0)
FN:44,header
FN:56,(anonymous_2)
FN:64,registerInfo
FN:76,phoneNumberInfo
FN:88,(anonymous_5)
FN:94,emailInfo
FN:108,(anonymous_7)
FN:114,nameInfo
FN:125,(anonymous_9)
FN:131,registerButton
FN:135,(anonymous_11)
FN:148,registerDescription
FN:165,imageView
FNF:14
FNH:0
FNDA:0,(anonymous_0)
FNDA:0,header
FNDA:0,(anonymous_2)
FNDA:0,registerInfo
FNDA:0,phoneNumberInfo
FNDA:0,(anonymous_5)
FNDA:0,emailInfo
FNDA:0,(anonymous_7)
FNDA:0,nameInfo
FNDA:0,(anonymous_9)
FNDA:0,registerButton
FNDA:0,(anonymous_11)
FNDA:0,registerDescription
FNDA:0,imageView
DA:22,0
DA:23,0
DA:24,0
DA:25,0
DA:27,0
DA:45,0
DA:57,0
DA:65,0
DA:77,0
DA:88,0
DA:95,0
DA:108,0
DA:115,0
DA:125,0
DA:132,0
DA:136,0
DA:149,0
DA:166,0
DA:179,0
LF:19
LH:0
BRF:0
BRH:0
end_of_record
TN:
SF:src\screens\Entry\auth\verificationScreen.js
FN:23,(anonymous_0)
FN:29,(anonymous_1)
FN:29,(anonymous_2)
FN:33,(anonymous_3)
FN:35,(anonymous_4)
FN:40,(anonymous_5)
FN:64,header
FN:76,(anonymous_7)
FN:84,verificationInfo
FN:96,timeInfo
FN:110,resendInfo
FN:121,(anonymous_11)
FN:132,loadingDialog
FN:150,otpFields
FN:157,(anonymous_14)
FN:161,(anonymous_15)
FN:176,verifyButton
FN:180,(anonymous_17)
FN:182,(anonymous_18)
FN:194,verificationDescription
FN:212,imageView
FNF:21
FNH:0
FNDA:0,(anonymous_0)
FNDA:0,(anonymous_1)
FNDA:0,(anonymous_2)
FNDA:0,(anonymous_3)
FNDA:0,(anonymous_4)
FNDA:0,(anonymous_5)
FNDA:0,header
FNDA:0,(anonymous_7)
FNDA:0,verificationInfo
FNDA:0,timeInfo
FNDA:0,resendInfo
FNDA:0,(anonymous_11)
FNDA:0,loadingDialog
FNDA:0,otpFields
FNDA:0,(anonymous_14)
FNDA:0,(anonymous_15)
FNDA:0,verifyButton
FNDA:0,(anonymous_17)
FNDA:0,(anonymous_18)
FNDA:0,verificationDescription
FNDA:0,imageView
DA:23,0
DA:24,0
DA:25,0
DA:26,0
DA:28,0
DA:29,0
DA:33,0
DA:34,0
DA:35,0
DA:36,0
DA:40,0
DA:41,0
DA:42,0
DA:46,0
DA:65,0
DA:77,0
DA:85,0
DA:97,0
DA:111,0
DA:122,0
DA:133,0
DA:151,0
DA:158,0
DA:159,0
DA:160,0
DA:161,0
DA:162,0
DA:163,0
DA:177,0
DA:181,0
DA:182,0
DA:183,0
DA:184,0
DA:195,0
DA:213,0
DA:226,0
LF:36
LH:0
BRDA:29,0,0,0
BRDA:29,0,1,0
BRDA:34,1,0,0
BRDA:34,1,1,0
BRDA:41,2,0,0
BRDA:41,2,1,0
BRDA:105,3,0,0
BRDA:105,3,1,0
BRDA:122,4,0,0
BRDA:122,4,1,0
BRDA:159,5,0,0
BRDA:159,5,1,0
BRF:12
BRH:0
end_of_record
TN:
SF:src\screens\Main\Settings.tsx
FN:16,Settings
FN:61,(anonymous_1)
FN:62,(anonymous_2)
FN:63,(anonymous_3)
FN:74,(anonymous_4)
FN:78,(anonymous_5)
FN:86,(anonymous_6)
FN:89,(anonymous_7)
FN:94,(anonymous_8)
FNF:9
FNH:9
FNDA:17,Settings
FNDA:2,(anonymous_1)
FNDA:2,(anonymous_2)
FNDA:2,(anonymous_3)
FNDA:1,(anonymous_4)
FNDA:1,(anonymous_5)
FNDA:1,(anonymous_6)
FNDA:1,(anonymous_7)
FNDA:1,(anonymous_8)
DA:17,17
DA:18,17
DA:19,17
DA:21,17
DA:22,17
DA:23,17
DA:34,17
DA:42,17
DA:44,17
DA:46,17
DA:47,0
DA:54,17
DA:61,2
DA:62,2
DA:63,2
DA:75,1
DA:76,1
DA:78,1
DA:87,1
DA:89,1
DA:94,1
DA:100,1
LF:22
LH:21
BRDA:19,0,0,17
BRDA:19,0,1,0
BRDA:46,1,0,0
BRDA:46,1,1,17
BRDA:76,2,0,1
BRDA:76,2,1,0
BRDA:87,3,0,1
BRDA:87,3,1,0
BRF:8
BRH:4
end_of_record
TN:
SF:src\screens\Main\homeScreen.js
FN:15,(anonymous_0)
FN:43,(anonymous_1)
FN:53,(anonymous_2)
FN:58,(anonymous_3)
FN:61,(anonymous_4)
FN:77,(anonymous_5)
FN:108,(anonymous_6)
FN:109,(anonymous_7)
FN:117,(anonymous_8)
FN:134,(anonymous_9)
FNF:10
FNH:6
FNDA:14,(anonymous_0)
FNDA:5,(anonymous_1)
FNDA:2,(anonymous_2)
FNDA:2,(anonymous_3)
FNDA:1,(anonymous_4)
FNDA:0,(anonymous_5)
FNDA:2,(anonymous_6)
FNDA:0,(anonymous_7)
FNDA:0,(anonymous_8)
FNDA:0,(anonymous_9)
DA:15,1
DA:16,14
DA:17,14
DA:18,14
DA:19,14
DA:21,14
DA:22,14
DA:23,14
DA:24,14
DA:26,14
DA:27,14
DA:28,14
DA:29,14
DA:30,14
DA:33,14
DA:35,14
DA:36,14
DA:37,14
DA:39,14
DA:43,14
DA:44,5
DA:45,3
DA:46,2
DA:48,1
DA:53,14
DA:54,2
DA:55,2
DA:58,14
DA:59,2
DA:60,1
DA:61,1
DA:62,1
DA:65,1
DA:66,1
DA:72,1
DA:75,1
DA:76,0
DA:77,0
DA:79,0
DA:80,0
DA:87,0
DA:88,0
DA:89,0
DA:90,0
DA:94,14
DA:108,2
DA:109,0
DA:117,0
DA:134,0
LF:49
LH:38
BRDA:44,0,0,3
BRDA:44,0,1,2
BRDA:45,1,0,2
BRDA:45,1,1,1
BRDA:59,2,0,1
BRDA:59,2,1,1
BRDA:59,3,0,2
BRDA:59,3,1,1
BRDA:59,3,2,1
BRDA:65,4,0,1
BRDA:65,4,1,0
BRDA:70,5,0,1
BRDA:70,5,1,1
BRDA:75,6,0,0
BRDA:75,6,1,1
BRDA:79,7,0,0
BRDA:79,7,1,0
BRDA:84,8,0,0
BRDA:84,8,1,0
BRF:19
BRH:13
end_of_record
TN:
SF:src\screens\Main\ridesScreen.js
FN:19,fetchUserProfile
FN:39,formatDateTime
FN:44,mapJourney
FN:67,subscribeToJourneys
FN:68,(anonymous_4)
FN:74,(anonymous_5)
FN:78,(anonymous_6)
FN:100,(anonymous_7)
FN:108,(anonymous_8)
FN:108,(anonymous_9)
FNF:10
FNH:2
FNDA:0,fetchUserProfile
FNDA:0,formatDateTime
FNDA:0,mapJourney
FNDA:0,subscribeToJourneys
FNDA:0,(anonymous_4)
FNDA:1,(anonymous_5)
FNDA:1,(anonymous_6)
FNDA:0,(anonymous_7)
FNDA:0,(anonymous_8)
FNDA:0,(anonymous_9)
DA:20,0
DA:21,0
DA:22,0
DA:24,0
DA:25,0
DA:32,0
DA:40,0
DA:41,0
DA:45,0
DA:46,0
DA:47,0
DA:49,0
DA:68,0
DA:69,0
DA:70,0
DA:74,1
DA:75,1
DA:76,1
DA:78,1
DA:79,1
DA:80,1
DA:82,0
DA:88,0
DA:94,0
DA:95,0
DA:100,0
DA:101,0
DA:102,0
DA:106,1
DA:108,0
DA:111,1
DA:128,1
LF:32
LH:9
BRDA:22,0,0,0
BRDA:22,0,1,0
BRDA:26,1,0,0
BRDA:26,1,1,0
BRDA:39,2,0,0
BRDA:40,3,0,0
BRDA:40,4,0,0
BRDA:80,5,0,1
BRDA:80,5,1,0
BRDA:116,6,0,1
BRDA:116,6,1,0
BRF:11
BRH:2
end_of_record
TN:
SF:src\screens\Main\walletScreen.js
FN:9,(anonymous_0)
FNF:1
FNH:1
FNDA:2,(anonymous_0)
DA:9,1
DA:10,2
LF:2
LH:2
BRF:0
BRH:0
end_of_record
TN:
SF:src\screens\TemplateAdditional\reviews\reviewsScreen.js
FN:74,(anonymous_0)
FN:85,allReviews
FN:86,(anonymous_2)
FN:140,(anonymous_3)
FNF:4
FNH:0
FNDA:0,(anonymous_0)
FNDA:0,allReviews
FNDA:0,(anonymous_2)
FNDA:0,(anonymous_3)
DA:8,0
DA:74,0
DA:75,0
DA:86,0
DA:87,0
DA:137,0
DA:140,0
LF:7
LH:0
BRDA:126,0,0,0
BRDA:126,0,1,0
BRF:2
BRH:0
end_of_record
TN:
SF:src\screens\TemplateInfo\notifications\notificationsScreen.js
FN:45,(anonymous_0)
FN:51,(anonymous_1)
FN:68,noNotificationInfo
FN:87,snackBar
FN:93,(anonymous_4)
FN:102,notificationsInfo
FN:103,(anonymous_6)
FN:114,(anonymous_7)
FN:116,(anonymous_8)
FN:125,(anonymous_9)
FN:172,(anonymous_10)
FNF:11
FNH:0
FNDA:0,(anonymous_0)
FNDA:0,(anonymous_1)
FNDA:0,noNotificationInfo
FNDA:0,snackBar
FNDA:0,(anonymous_4)
FNDA:0,notificationsInfo
FNDA:0,(anonymous_6)
FNDA:0,(anonymous_7)
FNDA:0,(anonymous_8)
FNDA:0,(anonymous_9)
FNDA:0,(anonymous_10)
DA:16,0
DA:43,0
DA:45,0
DA:46,0
DA:47,0
DA:49,0
DA:52,0
DA:55,0
DA:57,0
DA:69,0
DA:88,0
DA:93,0
DA:103,0
DA:104,0
DA:105,0
DA:109,0
DA:110,0
DA:115,0
DA:116,0
DA:117,0
DA:118,0
DA:119,0
DA:120,0
DA:125,0
DA:126,0
DA:172,0
DA:174,0
DA:191,0
LF:28
LH:0
BRDA:62,0,0,0
BRDA:62,0,1,0
BRDA:105,1,0,0
BRDA:105,1,1,0
BRDA:106,2,0,0
BRDA:106,2,1,0
BRDA:106,2,2,0
BRF:7
BRH:0
end_of_record
TN:
SF:src\screens\TemplateJourney\addVehicle\addVehicleScreen.js
FN:19,(anonymous_0)
FN:35,(anonymous_1)
FN:39,(anonymous_2)
FN:60,(anonymous_3)
FN:61,(anonymous_4)
FN:62,(anonymous_5)
FN:75,(anonymous_6)
FN:76,(anonymous_7)
FN:83,(anonymous_8)
FN:85,(anonymous_9)
FN:89,(anonymous_10)
FN:91,(anonymous_11)
FNF:12
FNH:11
FNDA:15,(anonymous_0)
FNDA:2,(anonymous_1)
FNDA:1,(anonymous_2)
FNDA:2,(anonymous_3)
FNDA:1,(anonymous_4)
FNDA:2,(anonymous_5)
FNDA:1,(anonymous_6)
FNDA:1,(anonymous_7)
FNDA:1,(anonymous_8)
FNDA:1,(anonymous_9)
FNDA:1,(anonymous_10)
FNDA:0,(anonymous_11)
DA:19,1
DA:20,15
DA:30,15
DA:31,15
DA:32,15
DA:33,15
DA:35,15
DA:36,2
DA:39,15
DA:40,1
DA:41,1
DA:42,1
DA:44,0
DA:48,15
DA:60,2
DA:61,1
DA:62,2
DA:75,1
DA:77,1
DA:78,1
DA:83,1
DA:85,1
DA:89,1
DA:91,0
DA:104,1
LF:25
LH:23
BRDA:93,0,0,15
BRDA:93,0,1,0
BRF:2
BRH:1
end_of_record
TN:
SF:src\screens\TemplateJourney\availableRides\availableRidesScreen.js
FN:18,(anonymous_0)
FN:20,(anonymous_1)
FN:47,(anonymous_2)
FN:48,(anonymous_3)
FN:59,(anonymous_4)
FN:63,(anonymous_5)
FN:65,(anonymous_6)
FN:85,(anonymous_7)
FN:205,(anonymous_8)
FNF:9
FNH:9
FNDA:2,(anonymous_0)
FNDA:2,(anonymous_1)
FNDA:2,(anonymous_2)
FNDA:1,(anonymous_3)
FNDA:2,(anonymous_4)
FNDA:1,(anonymous_5)
FNDA:1,(anonymous_6)
FNDA:1,(anonymous_7)
FNDA:12,(anonymous_8)
DA:18,1
DA:19,2
DA:20,2
DA:22,2
DA:23,1
DA:40,1
DA:47,2
DA:49,1
DA:59,1
DA:60,2
DA:61,2
DA:63,2
DA:64,1
DA:65,1
DA:66,1
DA:67,1
DA:68,1
DA:69,1
DA:70,1
DA:72,0
DA:75,0
DA:78,1
DA:82,2
DA:85,1
DA:206,12
DA:239,1
LF:26
LH:24
BRDA:19,0,0,2
BRDA:19,0,1,0
BRDA:22,1,0,1
BRDA:22,1,1,1
BRDA:64,2,0,1
BRDA:64,2,1,0
BRDA:69,3,0,1
BRDA:69,3,1,0
BRDA:146,4,0,2
BRDA:146,4,1,0
BRDA:172,5,0,1
BRDA:172,5,1,1
BRDA:184,6,0,1
BRDA:184,6,1,1
BRDA:198,7,0,2
BRDA:198,7,1,0
BRDA:209,8,0,8
BRDA:209,8,1,4
BRDA:221,9,0,2
BRDA:221,9,1,0
BRF:20
BRH:14
end_of_record
TN:
SF:src\screens\TemplateJourney\confirmPooling\confirmPoolingScreen.js
FN:7,(anonymous_0)
FN:8,(anonymous_1)
FN:10,(anonymous_2)
FN:20,(anonymous_3)
FN:23,(anonymous_4)
FN:40,backToHome
FN:43,(anonymous_6)
FN:57,congratsInfo
FNF:8
FNH:0
FNDA:0,(anonymous_0)
FNDA:0,(anonymous_1)
FNDA:0,(anonymous_2)
FNDA:0,(anonymous_3)
FNDA:0,(anonymous_4)
FNDA:0,backToHome
FNDA:0,(anonymous_6)
FNDA:0,congratsInfo
DA:7,0
DA:8,0
DA:9,0
DA:10,0
DA:11,0
DA:14,0
DA:15,0
DA:19,0
DA:21,0
DA:22,0
DA:23,0
DA:24,0
DA:25,0
DA:30,0
DA:41,0
DA:44,0
DA:58,0
LF:17
LH:0
BRDA:9,0,0,0
BRDA:9,0,1,0
BRF:2
BRH:0
end_of_record
TN:
SF:src\screens\TemplateJourney\endRide\EndRideStyles.js
FNF:0
FNH:0
LF:0
LH:0
BRF:0
BRH:0
end_of_record
TN:
SF:src\screens\TemplateJourney\endRide\endRideScreen.js
FN:12,(anonymous_0)
FN:17,(anonymous_1)
FN:19,(anonymous_2)
FN:24,(anonymous_3)
FNF:4
FNH:0
FNDA:0,(anonymous_0)
FNDA:0,(anonymous_1)
FNDA:0,(anonymous_2)
FNDA:0,(anonymous_3)
DA:12,0
DA:13,0
DA:14,0
DA:15,0
DA:17,0
DA:18,0
DA:19,0
DA:20,0
DA:21,0
DA:22,0
DA:23,0
DA:25,0
DA:26,0
DA:27,0
DA:30,0
DA:32,0
DA:35,0
DA:38,0
LF:18
LH:0
BRDA:22,0,0,0
BRDA:22,0,1,0
BRDA:26,1,0,0
BRDA:26,1,1,0
BRF:4
BRH:0
end_of_record
TN:
SF:src\screens\TemplateJourney\historyRideDetail\historyRideDetailScreen.js
FN:15,(anonymous_0)
FN:38,(anonymous_1)
FN:41,(anonymous_2)
FNF:3
FNH:1
FNDA:2,(anonymous_0)
FNDA:0,(anonymous_1)
FNDA:0,(anonymous_2)
DA:15,1
DA:16,2
DA:17,2
DA:18,2
DA:19,2
DA:21,2
DA:22,2
DA:24,2
DA:38,0
DA:41,0
LF:10
LH:8
BRDA:22,0,0,2
BRDA:22,0,1,2
BRDA:36,1,0,2
BRDA:36,1,1,1
BRF:4
BRH:4
end_of_record
TN:
SF:src\screens\TemplateJourney\message\messageScreen.js
FN:13,(anonymous_0)
FN:18,(anonymous_1)
FNF:2
FNH:2
FNDA:2,(anonymous_0)
FNDA:1,(anonymous_1)
DA:13,1
DA:14,2
DA:15,2
DA:16,2
DA:18,2
DA:19,1
DA:20,1
DA:21,1
DA:22,1
DA:28,0
DA:32,2
LF:11
LH:10
BRDA:20,0,0,0
BRDA:20,0,1,1
BRDA:34,1,0,2
BRDA:34,1,1,0
BRF:4
BRH:2
end_of_record
TN:
SF:src\screens\TemplateJourney\offerRide\offerRideScreen.js
FN:18,(anonymous_0)
FN:46,(anonymous_1)
FN:48,(anonymous_2)
FN:109,(anonymous_3)
FN:113,(anonymous_4)
FN:128,(anonymous_5)
FN:132,(anonymous_6)
FN:137,(anonymous_7)
FN:139,(anonymous_8)
FN:143,(anonymous_9)
FNF:10
FNH:6
FNDA:5,(anonymous_0)
FNDA:5,(anonymous_1)
FNDA:2,(anonymous_2)
FNDA:1,(anonymous_3)
FNDA:0,(anonymous_4)
FNDA:1,(anonymous_5)
FNDA:0,(anonymous_6)
FNDA:40,(anonymous_7)
FNDA:0,(anonymous_8)
FNDA:0,(anonymous_9)
DA:18,1
DA:19,5
DA:28,5
DA:30,5
DA:31,5
DA:32,5
DA:33,5
DA:34,5
DA:35,5
DA:36,5
DA:37,5
DA:40,5
DA:41,5
DA:43,5
DA:45,5
DA:46,5
DA:48,5
DA:49,2
DA:50,0
DA:51,0
DA:54,2
DA:55,1
DA:56,1
DA:59,1
DA:65,0
DA:66,0
DA:69,1
DA:70,1
DA:71,0
DA:72,0
DA:75,1
DA:86,1
DA:87,1
DA:91,5
DA:109,1
DA:113,0
DA:129,1
DA:130,1
DA:132,0
DA:137,40
DA:140,0
DA:141,0
DA:143,0
LF:43
LH:32
BRDA:28,0,0,5
BRDA:28,0,1,0
BRDA:30,1,0,5
BRDA:30,1,1,0
BRDA:31,2,0,5
BRDA:31,2,1,0
BRDA:32,3,0,5
BRDA:32,3,1,0
BRDA:35,4,0,5
BRDA:35,4,1,0
BRDA:38,5,0,5
BRDA:38,5,1,0
BRDA:40,6,0,5
BRDA:40,6,1,0
BRDA:41,7,0,5
BRDA:41,7,1,0
BRDA:49,8,0,0
BRDA:49,8,1,2
BRDA:54,9,0,1
BRDA:54,9,1,1
BRDA:59,10,0,0
BRDA:59,10,1,1
BRDA:60,11,0,1
BRDA:60,11,1,1
BRDA:60,11,2,1
BRDA:60,11,3,1
BRDA:70,12,0,0
BRDA:70,12,1,1
BRDA:70,13,0,1
BRDA:70,13,1,1
BRDA:86,14,0,1
BRDA:86,14,1,0
BRF:32
BRH:20
end_of_record
TN:
SF:src\screens\TemplateJourney\onboarding\onboardingScreen.js
FN:47,(anonymous_0)
FN:48,(anonymous_1)
FN:50,(anonymous_2)
FN:60,(anonymous_3)
FN:63,(anonymous_4)
FN:70,_spring
FN:72,(anonymous_6)
FN:81,(anonymous_7)
FN:98,skipText
FN:101,(anonymous_9)
FN:111,indicatorWithButton
FN:117,(anonymous_11)
FN:135,indicators
FN:144,(anonymous_13)
FN:160,onboardingScreenContent
FN:161,(anonymous_15)
FN:207,(anonymous_16)
FN:220,onScrollEnd
FN:227,exitInfo
FNF:19
FNH:0
FNDA:0,(anonymous_0)
FNDA:0,(anonymous_1)
FNDA:0,(anonymous_2)
FNDA:0,(anonymous_3)
FNDA:0,(anonymous_4)
FNDA:0,_spring
FNDA:0,(anonymous_6)
FNDA:0,(anonymous_7)
FNDA:0,skipText
FNDA:0,(anonymous_9)
FNDA:0,indicatorWithButton
FNDA:0,(anonymous_11)
FNDA:0,indicators
FNDA:0,(anonymous_13)
FNDA:0,onboardingScreenContent
FNDA:0,(anonymous_15)
FNDA:0,(anonymous_16)
FNDA:0,onScrollEnd
FNDA:0,exitInfo
DA:23,0
DA:47,0
DA:48,0
DA:49,0
DA:50,0
DA:51,0
DA:54,0
DA:56,0
DA:59,0
DA:61,0
DA:62,0
DA:63,0
DA:64,0
DA:65,0
DA:71,0
DA:72,0
DA:73,0
DA:77,0
DA:78,0
DA:79,0
DA:81,0
DA:82,0
DA:83,0
DA:86,0
DA:99,0
DA:102,0
DA:112,0
DA:118,0
DA:136,0
DA:145,0
DA:161,0
DA:162,0
DA:200,0
DA:207,0
DA:221,0
DA:222,0
DA:223,0
DA:224,0
DA:228,0
DA:240,0
LF:40
LH:0
BRDA:49,0,0,0
BRDA:49,0,1,0
BRDA:54,1,0,0
BRDA:54,1,1,0
BRDA:91,2,0,0
BRDA:91,2,1,0
BRDA:118,3,0,0
BRDA:118,3,1,0
BRDA:128,4,0,0
BRDA:128,4,1,0
BRDA:149,5,0,0
BRDA:149,5,1,0
BRDA:228,6,0,0
BRDA:228,6,1,0
BRF:14
BRH:0
end_of_record
TN:
SF:src\screens\TemplateJourney\pickLocation\pickLocationScreen.js
FN:17,(anonymous_0)
FN:28,(anonymous_1)
FN:29,(anonymous_2)
FN:42,(anonymous_3)
FN:49,(anonymous_4)
FN:51,(anonymous_5)
FN:55,(anonymous_6)
FN:58,(anonymous_7)
FN:75,(anonymous_8)
FN:80,(anonymous_9)
FN:96,(anonymous_10)
FNF:11
FNH:8
FNDA:8,(anonymous_0)
FNDA:3,(anonymous_1)
FNDA:3,(anonymous_2)
FNDA:6,(anonymous_3)
FNDA:6,(anonymous_4)
FNDA:6,(anonymous_5)
FNDA:0,(anonymous_6)
FNDA:0,(anonymous_7)
FNDA:0,(anonymous_8)
FNDA:1,(anonymous_9)
FNDA:1,(anonymous_10)
DA:13,1
DA:14,1
DA:15,1
DA:17,1
DA:18,8
DA:22,8
DA:23,8
DA:25,8
DA:26,8
DA:28,8
DA:29,3
DA:30,3
DA:31,3
DA:32,0
DA:33,0
DA:35,3
DA:36,3
DA:37,3
DA:38,3
DA:42,8
DA:43,6
DA:44,6
DA:45,6
DA:49,8
DA:50,6
DA:52,6
DA:53,6
DA:55,0
DA:58,8
DA:59,0
DA:60,0
DA:61,0
DA:62,0
DA:64,0
DA:65,0
DA:69,0
DA:71,0
DA:75,8
DA:76,0
DA:77,0
DA:80,8
DA:81,1
DA:82,1
DA:85,8
DA:96,1
LF:45
LH:32
BRDA:25,0,0,8
BRDA:25,0,1,0
BRDA:26,1,0,8
BRDA:26,1,1,0
BRDA:31,2,0,0
BRDA:31,2,1,3
BRDA:44,3,0,6
BRDA:44,3,1,0
BRDA:44,4,0,6
BRDA:44,4,1,6
BRDA:60,5,0,0
BRDA:60,5,1,0
BRDA:89,6,0,8
BRDA:89,6,1,0
BRF:14
BRH:7
end_of_record
TN:
SF:src\screens\TemplateJourney\pickLocation\pickLocationTestScreen.js
FN:20,(anonymous_0)
FN:32,(anonymous_1)
FN:37,(anonymous_2)
FN:43,(anonymous_3)
FN:58,searchBar
FN:63,(anonymous_5)
FN:88,locationInfo
FN:96,mapView
FN:111,(anonymous_8)
FN:120,getAddress
FN:123,(anonymous_10)
FN:128,(anonymous_11)
FNF:12
FNH:0
FNDA:0,(anonymous_0)
FNDA:0,(anonymous_1)
FNDA:0,(anonymous_2)
FNDA:0,(anonymous_3)
FNDA:0,searchBar
FNDA:0,(anonymous_5)
FNDA:0,locationInfo
FNDA:0,mapView
FNDA:0,(anonymous_8)
FNDA:0,getAddress
FNDA:0,(anonymous_10)
FNDA:0,(anonymous_11)
DA:17,0
DA:18,0
DA:20,0
DA:21,0
DA:22,0
DA:23,0
DA:24,0
DA:26,0
DA:32,0
DA:33,0
DA:34,0
DA:35,0
DA:37,0
DA:38,0
DA:39,0
DA:43,0
DA:44,0
DA:47,0
DA:59,0
DA:64,0
DA:65,0
DA:66,0
DA:67,0
DA:89,0
DA:97,0
DA:112,0
DA:113,0
DA:121,0
DA:122,0
DA:124,0
DA:125,0
DA:126,0
DA:128,0
DA:134,0
LF:34
LH:0
BRDA:50,0,0,0
BRDA:50,0,1,0
BRDA:63,1,0,0
BRDA:64,2,0,0
BRDA:64,2,1,0
BRDA:91,3,0,0
BRDA:91,3,1,0
BRDA:124,4,0,0
BRDA:124,4,1,0
BRF:9
BRH:0
end_of_record
TN:
SF:src\screens\TemplateJourney\rideComplete\rideCompleteScreen.js
FN:7,(anonymous_0)
FN:8,(anonymous_1)
FN:10,(anonymous_2)
FN:20,(anonymous_3)
FN:23,(anonymous_4)
FN:40,backToHome
FN:43,(anonymous_6)
FN:57,successInfo
FNF:8
FNH:0
FNDA:0,(anonymous_0)
FNDA:0,(anonymous_1)
FNDA:0,(anonymous_2)
FNDA:0,(anonymous_3)
FNDA:0,(anonymous_4)
FNDA:0,backToHome
FNDA:0,(anonymous_6)
FNDA:0,successInfo
DA:7,0
DA:8,0
DA:9,0
DA:10,0
DA:11,0
DA:14,0
DA:15,0
DA:19,0
DA:21,0
DA:22,0
DA:23,0
DA:24,0
DA:25,0
DA:30,0
DA:41,0
DA:44,0
DA:58,0
LF:17
LH:0
BRDA:9,0,0,0
BRDA:9,0,1,0
BRF:2
BRH:0
end_of_record
TN:
SF:src\screens\TemplateJourney\rideDetail\rideDetailScreen.js
FN:28,RideDetailScreen
FN:37,(anonymous_1)
FN:56,(anonymous_2)
FN:58,(anonymous_3)
FN:72,(anonymous_4)
FN:87,(anonymous_5)
FN:110,(anonymous_6)
FN:138,(anonymous_7)
FN:140,(anonymous_8)
FN:145,(anonymous_9)
FN:153,(anonymous_10)
FNF:11
FNH:4
FNDA:4,RideDetailScreen
FNDA:0,(anonymous_1)
FNDA:0,(anonymous_2)
FNDA:0,(anonymous_3)
FNDA:1,(anonymous_4)
FNDA:1,(anonymous_5)
FNDA:0,(anonymous_6)
FNDA:0,(anonymous_7)
FNDA:1,(anonymous_8)
FNDA:0,(anonymous_9)
FNDA:0,(anonymous_10)
DA:29,4
DA:30,4
DA:31,4
DA:32,4
DA:34,4
DA:35,4
DA:37,4
DA:38,0
DA:39,0
DA:40,0
DA:43,0
DA:44,0
DA:46,0
DA:47,0
DA:48,0
DA:50,0
DA:51,0
DA:56,0
DA:58,0
DA:62,0
DA:64,0
DA:65,0
DA:67,0
DA:68,0
DA:72,4
DA:73,1
DA:75,1
DA:76,1
DA:77,1
DA:78,1
DA:80,0
DA:81,0
DA:83,1
DA:87,4
DA:88,1
DA:89,1
DA:92,0
DA:93,0
DA:99,0
DA:100,0
DA:102,0
DA:103,0
DA:108,0
DA:110,0
DA:115,0
DA:117,0
DA:118,0
DA:122,4
DA:138,0
DA:140,1
DA:145,0
DA:153,0
DA:162,1
LF:53
LH:20
BRDA:29,0,0,0
BRDA:29,1,0,4
BRDA:29,1,1,0
BRDA:38,2,0,0
BRDA:38,2,1,0
BRDA:48,3,0,0
BRDA:48,3,1,0
BRDA:53,4,0,0
BRDA:53,4,1,0
BRDA:58,5,0,0
BRDA:58,5,1,0
BRDA:59,6,0,0
BRDA:59,6,1,0
BRDA:59,7,0,0
BRDA:59,7,1,0
BRDA:88,8,0,1
BRDA:88,8,1,0
BRDA:92,9,0,0
BRDA:92,9,1,0
BRDA:92,10,0,0
BRDA:92,10,1,0
BRDA:112,11,0,0
BRDA:112,11,1,0
BRF:23
BRH:2
end_of_record
TN:
SF:src\screens\TemplateJourney\rideMapView\rideMapViewScreen.js
FN:9,(anonymous_0)
FNF:1
FNH:0
FNDA:0,(anonymous_0)
DA:9,0
DA:10,0
LF:2
LH:0
BRF:0
BRH:0
end_of_record
TN:
SF:src\screens\TemplateJourney\rideRequest\rideRequestScreen.js
FN:22,(anonymous_0)
FN:28,(anonymous_1)
FN:30,(anonymous_2)
FN:40,(anonymous_3)
FN:41,(anonymous_4)
FN:54,(anonymous_5)
FN:60,(anonymous_6)
FN:69,(anonymous_7)
FN:70,(anonymous_8)
FN:71,(anonymous_9)
FN:76,(anonymous_10)
FN:87,(anonymous_11)
FN:89,(anonymous_12)
FN:92,(anonymous_13)
FN:108,(anonymous_14)
FN:108,(anonymous_15)
FN:115,(anonymous_16)
FN:127,(anonymous_17)
FN:127,(anonymous_18)
FN:134,(anonymous_19)
FN:157,(anonymous_20)
FNF:21
FNH:0
FNDA:0,(anonymous_0)
FNDA:0,(anonymous_1)
FNDA:0,(anonymous_2)
FNDA:0,(anonymous_3)
FNDA:0,(anonymous_4)
FNDA:0,(anonymous_5)
FNDA:0,(anonymous_6)
FNDA:0,(anonymous_7)
FNDA:0,(anonymous_8)
FNDA:0,(anonymous_9)
FNDA:0,(anonymous_10)
FNDA:0,(anonymous_11)
FNDA:0,(anonymous_12)
FNDA:0,(anonymous_13)
FNDA:0,(anonymous_14)
FNDA:0,(anonymous_15)
FNDA:0,(anonymous_16)
FNDA:0,(anonymous_17)
FNDA:0,(anonymous_18)
FNDA:0,(anonymous_19)
FNDA:0,(anonymous_20)
DA:22,0
DA:23,0
DA:24,0
DA:25,0
DA:26,0
DA:28,0
DA:29,0
DA:30,0
DA:32,0
DA:33,0
DA:40,0
DA:41,0
DA:52,0
DA:54,0
DA:57,0
DA:60,0
DA:61,0
DA:67,0
DA:69,0
DA:70,0
DA:71,0
DA:72,0
DA:76,0
DA:87,0
DA:88,0
DA:89,0
DA:92,0
DA:93,0
DA:94,0
DA:101,0
DA:103,0
DA:107,0
DA:108,0
DA:110,0
DA:111,0
DA:115,0
DA:116,0
DA:117,0
DA:124,0
DA:126,0
DA:127,0
DA:129,0
DA:130,0
DA:134,0
DA:135,0
DA:136,0
DA:137,0
DA:140,0
DA:157,0
DA:165,0
LF:50
LH:0
BRDA:30,0,0,0
BRDA:30,0,1,0
BRDA:72,1,0,0
BRDA:72,1,1,0
BRDA:136,2,0,0
BRDA:136,2,1,0
BRF:6
BRH:0
end_of_record
TN:
SF:src\screens\TemplateJourney\startRide\startRideScreen.js
FN:19,StartRideScreen
FN:24,(anonymous_1)
FN:28,(anonymous_2)
FN:30,(anonymous_3)
FN:32,(anonymous_4)
FN:36,(anonymous_5)
FN:39,(anonymous_6)
FN:42,(anonymous_7)
FN:48,(anonymous_8)
FN:54,(anonymous_9)
FN:66,(anonymous_10)
FN:77,(anonymous_11)
FN:79,(anonymous_12)
FN:83,(anonymous_13)
FN:87,(anonymous_14)
FN:90,(anonymous_15)
FNF:16
FNH:8
FNDA:3,StartRideScreen
FNDA:1,(anonymous_1)
FNDA:0,(anonymous_2)
FNDA:0,(anonymous_3)
FNDA:0,(anonymous_4)
FNDA:3,(anonymous_5)
FNDA:1,(anonymous_6)
FNDA:3,(anonymous_7)
FNDA:0,(anonymous_8)
FNDA:0,(anonymous_9)
FNDA:1,(anonymous_10)
FNDA:0,(anonymous_11)
FNDA:0,(anonymous_12)
FNDA:0,(anonymous_13)
FNDA:3,(anonymous_14)
FNDA:1,(anonymous_15)
DA:20,3
DA:21,3
DA:22,3
DA:24,3
DA:25,1
DA:26,1
DA:29,0
DA:30,0
DA:32,0
DA:36,3
DA:37,3
DA:38,1
DA:39,1
DA:42,3
DA:43,3
DA:45,0
DA:51,0
DA:54,3
DA:55,0
DA:56,0
DA:57,0
DA:58,0
DA:61,0
DA:63,0
DA:66,3
DA:67,1
DA:73,1
DA:75,1
DA:78,0
DA:79,0
DA:81,0
DA:83,0
DA:87,3
DA:88,3
DA:89,1
DA:90,1
DA:93,3
DA:106,1
LF:38
LH:23
BRDA:20,0,0,3
BRDA:20,0,1,1
BRDA:29,1,0,0
BRDA:29,1,1,0
BRDA:37,2,0,2
BRDA:37,2,1,1
BRDA:43,3,0,3
BRDA:43,3,1,0
BRDA:57,4,0,0
BRDA:57,4,1,0
BRDA:88,5,0,2
BRDA:88,5,1,1
BRF:12
BRH:7
end_of_record
TN:
SF:src\screens\TemplateProfile\customerSupport\customerSupportScreen.js
FN:11,(anonymous_0)
FN:26,(anonymous_1)
FNF:2
FNH:0
FNDA:0,(anonymous_0)
FNDA:0,(anonymous_1)
DA:11,0
DA:12,0
DA:26,0
LF:3
LH:0
BRF:0
BRH:0
end_of_record
TN:
SF:src\screens\TemplateProfile\editProfile\editProfileScreen.js
FN:22,(anonymous_0)
FN:43,(anonymous_1)
FN:48,(anonymous_2)
FN:51,(anonymous_3)
FN:64,(anonymous_4)
FN:70,(anonymous_5)
FN:94,(anonymous_6)
FN:115,(anonymous_7)
FNF:8
FNH:7
FNDA:6,(anonymous_0)
FNDA:2,(anonymous_1)
FNDA:2,(anonymous_2)
FNDA:2,(anonymous_3)
FNDA:1,(anonymous_4)
FNDA:1,(anonymous_5)
FNDA:1,(anonymous_6)
FNDA:0,(anonymous_7)
DA:22,1
DA:23,6
DA:24,6
DA:26,6
DA:27,6
DA:28,6
DA:29,6
DA:30,6
DA:31,6
DA:32,6
DA:39,6
DA:43,6
DA:44,2
DA:48,2
DA:51,6
DA:52,2
DA:53,2
DA:54,2
DA:55,2
DA:56,1
DA:57,1
DA:59,2
DA:60,1
DA:64,6
DA:65,1
DA:66,0
DA:67,0
DA:69,1
DA:70,1
DA:71,1
DA:72,1
DA:74,0
DA:79,0
DA:80,0
DA:82,0
DA:83,0
DA:85,0
DA:86,0
DA:87,0
DA:89,0
DA:90,0
DA:94,6
DA:95,1
DA:101,1
DA:102,1
DA:105,6
DA:107,3
DA:116,0
DA:159,1
LF:49
LH:36
BRDA:24,0,0,6
BRDA:24,0,1,0
BRDA:40,1,0,6
BRDA:40,1,1,0
BRDA:52,2,0,2
BRDA:52,2,1,1
BRDA:53,3,0,2
BRDA:53,3,1,1
BRDA:54,4,0,2
BRDA:54,4,1,1
BRDA:55,5,0,1
BRDA:55,5,1,1
BRDA:59,6,0,1
BRDA:59,6,1,1
BRDA:65,7,0,0
BRDA:65,7,1,1
BRDA:70,8,0,1
BRDA:70,8,1,0
BRDA:79,9,0,0
BRDA:79,9,1,0
BRDA:79,10,0,0
BRDA:79,10,1,0
BRDA:82,11,0,0
BRDA:82,11,1,0
BRDA:99,12,0,0
BRDA:99,12,1,1
BRDA:105,13,0,3
BRDA:105,13,1,3
BRDA:141,14,0,3
BRDA:141,14,1,2
BRF:30
BRH:19
end_of_record
TN:
SF:src\screens\TemplateProfile\faq\faqScreen.js
FN:40,(anonymous_0)
FN:51,faqsInfo
FN:52,(anonymous_2)
FN:74,(anonymous_3)
FNF:4
FNH:0
FNDA:0,(anonymous_0)
FNDA:0,faqsInfo
FNDA:0,(anonymous_2)
FNDA:0,(anonymous_3)
DA:7,0
DA:40,0
DA:41,0
DA:52,0
DA:53,0
DA:71,0
DA:74,0
DA:84,0
LF:8
LH:0
BRDA:66,0,0,0
BRDA:66,0,1,0
BRF:2
BRH:0
end_of_record
TN:
SF:src\screens\TemplateProfile\privacyPolicy\privacyPolicyScreen.js
FN:23,(anonymous_0)
FN:40,privacyPolicyInfo
FN:43,(anonymous_2)
FN:52,appIcon
FNF:4
FNH:0
FNDA:0,(anonymous_0)
FNDA:0,privacyPolicyInfo
FNDA:0,(anonymous_2)
FNDA:0,appIcon
DA:7,0
DA:23,0
DA:24,0
DA:41,0
DA:44,0
DA:53,0
DA:73,0
LF:7
LH:0
BRF:0
BRH:0
end_of_record
TN:
SF:src\screens\TemplateProfile\profile\profileScreen.js
FN:21,(anonymous_0)
FN:27,(anonymous_1)
FN:52,(anonymous_2)
FN:53,(anonymous_3)
FN:62,(anonymous_4)
FN:70,(anonymous_5)
FN:88,(anonymous_6)
FN:93,(anonymous_7)
FN:99,(anonymous_8)
FN:105,(anonymous_9)
FN:111,(anonymous_10)
FN:117,(anonymous_11)
FN:123,(anonymous_12)
FN:129,(anonymous_13)
FN:135,(anonymous_14)
FN:141,(anonymous_15)
FNF:16
FNH:15
FNDA:7,(anonymous_0)
FNDA:7,(anonymous_1)
FNDA:0,(anonymous_2)
FNDA:1,(anonymous_3)
FNDA:7,(anonymous_4)
FNDA:7,(anonymous_5)
FNDA:1,(anonymous_6)
FNDA:7,(anonymous_7)
FNDA:1,(anonymous_8)
FNDA:1,(anonymous_9)
FNDA:1,(anonymous_10)
FNDA:1,(anonymous_11)
FNDA:1,(anonymous_12)
FNDA:1,(anonymous_13)
FNDA:1,(anonymous_14)
FNDA:49,(anonymous_15)
DA:21,1
DA:22,7
DA:23,7
DA:24,7
DA:26,7
DA:28,7
DA:32,7
DA:52,0
DA:54,1
DA:55,1
DA:62,1
DA:63,7
DA:70,1
DA:71,7
DA:88,1
DA:93,1
DA:94,7
DA:99,1
DA:105,1
DA:111,1
DA:117,1
DA:123,1
DA:129,1
DA:135,1
DA:139,7
DA:142,49
DA:166,1
LF:27
LH:26
BRDA:74,0,0,7
BRDA:74,0,1,0
BRDA:150,1,0,7
BRDA:150,1,1,42
BRDA:157,2,0,49
BRDA:157,2,1,42
BRF:6
BRH:5
end_of_record
TN:
SF:src\screens\TemplateProfile\rideHistory\rideHistoryScreen.js
FN:20,RideHistoryScreen
FN:24,(anonymous_1)
FN:43,(anonymous_2)
FN:65,(anonymous_3)
FN:89,(anonymous_4)
FN:95,(anonymous_5)
FN:103,(anonymous_6)
FN:119,(anonymous_7)
FN:127,(anonymous_8)
FN:127,(anonymous_9)
FNF:10
FNH:5
FNDA:5,RideHistoryScreen
FNDA:0,(anonymous_1)
FNDA:0,(anonymous_2)
FNDA:0,(anonymous_3)
FNDA:10,(anonymous_4)
FNDA:10,(anonymous_5)
FNDA:5,(anonymous_6)
FNDA:5,(anonymous_7)
FNDA:0,(anonymous_8)
FNDA:0,(anonymous_9)
DA:21,5
DA:22,5
DA:24,5
DA:25,0
DA:26,0
DA:27,0
DA:28,0
DA:29,0
DA:37,0
DA:43,5
DA:44,0
DA:45,0
DA:46,0
DA:48,0
DA:49,0
DA:50,0
DA:62,0
DA:65,5
DA:66,0
DA:67,0
DA:68,0
DA:70,0
DA:88,5
DA:90,10
DA:95,10
DA:96,10
DA:97,10
DA:103,5
DA:104,5
DA:105,5
DA:107,5
DA:111,5
DA:119,5
DA:120,5
DA:121,5
DA:125,5
DA:127,0
DA:130,5
DA:145,1
LF:39
LH:21
BRDA:27,0,0,0
BRDA:27,0,1,0
BRDA:31,1,0,0
BRDA:31,1,1,0
BRDA:44,2,0,0
BRDA:44,2,1,0
BRDA:46,3,0,0
BRDA:46,3,1,0
BRDA:48,4,0,0
BRDA:48,4,1,0
BRDA:105,5,0,0
BRDA:105,5,1,5
BRDA:135,6,0,5
BRDA:135,6,1,0
BRF:14
BRH:2
end_of_record
TN:
SF:src\screens\TemplateProfile\termsAndConditions\termsAndConditionsScreen.js
FN:16,(anonymous_0)
FN:27,termsAndConditionsInfo
FN:33,(anonymous_2)
FNF:3
FNH:0
FNDA:0,(anonymous_0)
FNDA:0,termsAndConditionsInfo
FNDA:0,(anonymous_2)
DA:7,0
DA:16,0
DA:17,0
DA:28,0
DA:34,0
DA:45,0
LF:6
LH:0
BRF:0
BRH:0
end_of_record
TN:
SF:src\screens\TemplateProfile\userVehicles\userVehiclesScreen.js
FN:12,(anonymous_0)
FNF:1
FNH:1
FNDA:6,(anonymous_0)
DA:12,1
DA:22,6
DA:24,6
LF:3
LH:3
BRF:0
BRH:0
end_of_record
TN:
SF:src\screens\TemplateWallet\addAndSendMoney\addAndSendMoneyScreen.js
FN:11,(anonymous_0)
FN:16,(anonymous_1)
FNF:2
FNH:0
FNDA:0,(anonymous_0)
FNDA:0,(anonymous_1)
DA:11,0
DA:12,0
DA:13,0
DA:14,0
DA:16,0
DA:17,0
DA:18,0
DA:19,0
DA:20,0
DA:22,0
DA:23,0
DA:24,0
DA:26,0
DA:29,0
LF:14
LH:0
BRDA:12,0,0,0
BRDA:12,0,1,0
BRDA:18,1,0,0
BRDA:18,1,1,0
BRDA:18,2,0,0
BRDA:18,2,1,0
BRDA:22,3,0,0
BRDA:22,3,1,0
BRDA:22,4,0,0
BRDA:22,4,1,0
BRDA:34,5,0,0
BRDA:34,5,1,0
BRF:12
BRH:0
end_of_record
TN:
SF:src\screens\TemplateWallet\bankInfo\bankInfoScreen.js
FN:12,(anonymous_0)
FN:33,(anonymous_1)
FNF:2
FNH:0
FNDA:0,(anonymous_0)
FNDA:0,(anonymous_1)
DA:12,0
DA:13,0
DA:14,0
DA:15,0
DA:17,0
DA:34,0
DA:45,0
LF:7
LH:0
BRF:0
BRH:0
end_of_record
TN:
SF:src\screens\TemplateWallet\creditCard\creditCardScreen.js
FN:9,(anonymous_0)
FN:16,(anonymous_1)
FN:37,(anonymous_2)
FNF:3
FNH:0
FNDA:0,(anonymous_0)
FNDA:0,(anonymous_1)
FNDA:0,(anonymous_2)
DA:9,0
DA:10,0
DA:11,0
DA:16,0
DA:17,0
DA:23,0
DA:38,0
LF:7
LH:0
BRDA:10,0,0,0
BRDA:10,1,0,0
BRDA:10,1,1,0
BRF:3
BRH:0
end_of_record
TN:
SF:src\screens\TemplateWallet\paymentMethods\paymentMethodsScreen.js
FN:16,(anonymous_0)
FN:24,(anonymous_1)
FN:43,(anonymous_2)
FNF:3
FNH:0
FNDA:0,(anonymous_0)
FNDA:0,(anonymous_1)
FNDA:0,(anonymous_2)
DA:8,0
DA:16,0
DA:17,0
DA:19,0
DA:22,0
DA:24,0
DA:25,0
DA:28,0
DA:44,0
DA:60,0
LF:10
LH:0
BRDA:19,0,0,0
BRDA:19,1,0,0
BRDA:19,2,0,0
BRDA:19,2,1,0
BRDA:22,3,0,0
BRDA:22,3,1,0
BRF:6
BRH:0
end_of_record
TN:
SF:src\screens\TemplateWallet\successfullyAddAndSend\successfullyAddAndSendScreen.js
FN:15,(anonymous_0)
FN:23,(anonymous_1)
FN:25,(anonymous_2)
FN:35,(anonymous_3)
FN:38,(anonymous_4)
FN:53,backToHome
FN:56,(anonymous_6)
FN:70,congratsInfo
FNF:8
FNH:0
FNDA:0,(anonymous_0)
FNDA:0,(anonymous_1)
FNDA:0,(anonymous_2)
FNDA:0,(anonymous_3)
FNDA:0,(anonymous_4)
FNDA:0,backToHome
FNDA:0,(anonymous_6)
FNDA:0,congratsInfo
DA:15,0
DA:16,0
DA:19,0
DA:23,0
DA:24,0
DA:25,0
DA:26,0
DA:29,0
DA:30,0
DA:34,0
DA:36,0
DA:37,0
DA:38,0
DA:39,0
DA:40,0
DA:45,0
DA:54,0
DA:57,0
DA:71,0
DA:105,0
LF:20
LH:0
BRDA:16,0,0,0
BRDA:16,0,1,0
BRDA:19,1,0,0
BRDA:19,1,1,0
BRDA:24,2,0,0
BRDA:24,2,1,0
BRDA:83,3,0,0
BRDA:83,3,1,0
BRDA:94,4,0,0
BRDA:94,4,1,0
BRF:10
BRH:0
end_of_record
TN:
SF:src\screens\TemplateWallet\transactions\transactionsScreen.js
FN:95,(anonymous_0)
FNF:1
FNH:0
FNDA:0,(anonymous_0)
DA:8,0
DA:95,0
DA:96,0
LF:3
LH:0
BRF:0
BRH:0
end_of_record
TN:
SF:src\services\firebase.tsx
FNF:0
FNH:0
DA:18,0
DA:29,0
DA:30,0
DA:33,0
DA:34,0
LF:5
LH:0
BRF:0
BRH:0
end_of_record
TN:
SF:src\services\firebaseUserService.js
FN:6,(anonymous_0)
FN:27,(anonymous_1)
FN:36,(anonymous_2)
FNF:3
FNH:0
FNDA:0,(anonymous_0)
FNDA:0,(anonymous_1)
FNDA:0,(anonymous_2)
DA:4,0
DA:6,0
DA:11,0
DA:13,0
DA:14,0
DA:15,0
DA:17,0
DA:18,0
DA:20,0
DA:23,0
DA:27,0
DA:28,0
DA:36,0
DA:37,0
DA:38,0
DA:40,0
DA:41,0
DA:43,0
LF:18
LH:0
BRDA:11,0,0,0
BRDA:11,0,1,0
BRDA:17,1,0,0
BRDA:17,1,1,0
BRDA:40,2,0,0
BRDA:40,2,1,0
BRF:6
BRH:0
end_of_record
TN:
SF:src\utils\formatTime.js
FN:1,formatTime
FNF:1
FNH:0
FNDA:0,formatTime
DA:2,0
DA:3,0
DA:4,0
DA:5,0
DA:6,0
DA:7,0
DA:8,0
LF:7
LH:0
BRDA:2,0,0,0
BRDA:2,0,1,0
BRDA:5,1,0,0
BRDA:5,1,1,0
BRDA:6,2,0,0
BRDA:6,2,1,0
BRF:6
BRH:0
end_of_record
TN:
SF:src\utils\range.js
FN:1,(anonymous_0)
FN:2,(anonymous_1)
FNF:2
FNH:0
FNDA:0,(anonymous_0)
FNDA:0,(anonymous_1)
DA:1,0
DA:2,0
LF:2
LH:0
BRF:0
BRH:0
end_of_record
TN:
SF:src\utils\uploadImage.js
FN:9,(anonymous_0)
FNF:1
FNH:0
FNDA:0,(anonymous_0)
DA:9,0
DA:10,0
DA:11,0
DA:12,0
DA:13,0
DA:14,0
DA:15,0
DA:16,0
DA:17,0
DA:18,0
LF:10
LH:0
BRF:0
BRH:0
end_of_record
TN:
SF:src\utils\validation.js
FN:1,(anonymous_0)
FN:7,(anonymous_1)
FN:15,(anonymous_2)
FNF:3
FNH:0
FNDA:0,(anonymous_0)
FNDA:0,(anonymous_1)
FNDA:0,(anonymous_2)
DA:1,0
DA:2,0
DA:3,0
DA:4,0
DA:7,0
DA:8,0
DA:9,0
DA:10,0
DA:11,0
DA:12,0
DA:15,0
DA:16,0
DA:17,0
DA:18,0
DA:19,0
LF:15
LH:0
BRDA:2,0,0,0
BRDA:2,0,1,0
BRDA:3,1,0,0
BRDA:3,1,1,0
BRDA:9,2,0,0
BRDA:9,2,1,0
BRDA:10,3,0,0
BRDA:10,3,1,0
BRDA:16,4,0,0
BRDA:16,4,1,0
BRDA:18,5,0,0
BRDA:18,5,1,0
BRF:12
BRH:0
end_of_record
